#
# A fatal error has been detected by the Java Runtime Environment:
#
#  SIGSEGV (0xb) at pc=0x429a6002, pid=21415, tid=1738529680
#
# JRE version: 7.0_02-b13
# Java VM: Java HotSpot(TM) Server VM (22.0-b10 mixed mode linux-x86 )
# Problematic frame:
# C  [libc.so.6+0x6f002]  ___tls_get_addr+0x6f002
#
# Failed to write core dump. Core dumps have been disabled. To enable core dumping, try "ulimit -c unlimited" before starting Java again
#
# If you would like to submit a bug report, please visit:
#   http://bugreport.sun.com/bugreport/crash.jsp
#

---------------  T H R E A D  ---------------

Current thread (0x09042000):  JavaThread "pool-7-thread-3" [_thread_in_vm, id=21564, stack(0x678fd000,0x679fe000)]

siginfo:si_signo=SIGSEGV: si_errno=0, si_code=1 (SEGV_MAPERR), si_addr=0x0000000c

Registers:
EAX=0x00000000, EBX=0x42a8dff4, ECX=0x09480a20, EDX=0x00000000
ESP=0x679fb924, EBP=0x679fb98c, ESI=0x099ec7d8, EDI=0x099ec858
EIP=0x429a6002, EFLAGS=0x00010216, CR2=0x0000000c

Top of Stack: (sp=0x679fb924)
0x679fb924:   aa84d3d9 aa84d308 00000000 679fcfc8
0x679fb934:   679fcfb0 42a73db4 42a757c8 42a726c4
0x679fb944:   42a7267f aa84d308 42a8f160 00000011
0x679fb954:   679fcfb0 00000000 42a8f16c 42a8f18c
0x679fb964:   00000000 42a8f190 00000080 a185cb28
0x679fb974:   8ae618a8 a1859dd0 429a5efb 42a8dff4
0x679fb984:   00000610 00000610 679fba44 429a7cad
0x679fb994:   8ae618d8 09042000 aa8e3378 b723492f 

Instructions: (pc=0x429a6002)
0x429a5fe2:   01 8d 3c 16 89 55 e0 8b 57 04 89 55 c4 0f 85 7b
0x429a5ff2:   ff ff ff 8b 06 01 45 e0 29 c6 8b 56 08 8b 46 0c
0x429a6002:   8b 4a 0c 39 f1 0f 85 32 01 00 00 3b 70 08 0f 85
0x429a6012:   29 01 00 00 81 7e 04 ff 01 00 00 89 42 0c 89 50 

Register to memory mapping:

EAX=0x00000000 is an unknown value
EBX=0x42a8dff4: <offset 0x156ff4> in /lib/i686/cmov/libc.so.6 at 0x42937000
ECX=0x09480a20 is an unknown value
EDX=0x00000000 is an unknown value
ESP=0x679fb924 is pointing into the stack for thread: 0x09042000
EBP=0x679fb98c is pointing into the stack for thread: 0x09042000
ESI=0x099ec7d8 is an unknown value
EDI=0x099ec858 is an unknown value


Stack: [0x678fd000,0x679fe000],  sp=0x679fb924,  free space=1018k
Native frames: (J=compiled Java code, j=interpreted, Vv=VM code, C=native code)
C  [libc.so.6+0x6f002]  ___tls_get_addr+0x6f002
C  [libc.so.6+0x70cad]  ___tls_get_addr+0x70cad
C  [libc.so.6+0x72795]  __libc_malloc+0x95
V  [libjvm.so+0x5a0009]  os::malloc(unsigned int)+0x29
V  [libjvm.so+0x13f021]  CHeapObj::operator new(unsigned int)+0x11
V  [libjvm.so+0x6a01f1]  Thread::operator new(unsigned int)+0x31
V  [libjvm.so+0x43ff32]  JVM_StartThread+0x182
j  java.lang.Thread.start0()V+0
j  java.lang.Thread.start()V+26

Java frames: (J=compiled Java code, j=interpreted, Vv=VM code)
j  java.lang.Thread.start0()V+0
j  java.lang.Thread.start()V+26
J  java.util.concurrent.ExecutorCompletionService.submit(Ljava/util/concurrent/Callable;)Ljava/util/concurrent/Future;
J  sbt.ConcurrentRestrictions$$anon$4.submit(Ljava/lang/Object;Lscala/Function0;)V
J  sbt.Execute.addChecked(Ljava/lang/Object;Lsbt/CompletionService;)V
J  sbt.Execute$$anonfun$addNew$3.apply(Ljava/lang/Object;)Ljava/lang/Object;
J  scala.collection.AbstractIterator.foreach(Lscala/Function1;)V
J  sbt.IDSet$$anon$1.foreach(Lscala/Function1;)V
J  sbt.Execute.addChecked(Ljava/lang/Object;Lsbt/CompletionService;)V
J  sbt.Execute$$anonfun$addNew$3.apply(Ljava/lang/Object;)Ljava/lang/Object;
J  scala.collection.AbstractIterator.foreach(Lscala/Function1;)V
J  sbt.IDSet$$anon$1.foreach(Lscala/Function1;)V
J  sbt.Execute.addChecked(Ljava/lang/Object;Lsbt/CompletionService;)V
J  sbt.Execute$$anonfun$addNew$3.apply(Ljava/lang/Object;)Ljava/lang/Object;
J  scala.collection.AbstractIterator.foreach(Lscala/Function1;)V
J  sbt.IDSet$$anon$1.foreach(Lscala/Function1;)V
J  sbt.Execute.addChecked(Ljava/lang/Object;Lsbt/CompletionService;)V
J  sbt.Execute$$anonfun$addNew$3.apply(Ljava/lang/Object;)Ljava/lang/Object;
J  scala.collection.AbstractIterator.foreach(Lscala/Function1;)V
J  sbt.IDSet$$anon$1.foreach(Lscala/Function1;)V
J  sbt.Execute.addChecked(Ljava/lang/Object;Lsbt/CompletionService;)V
J  sbt.Execute$$anonfun$addNew$3.apply(Ljava/lang/Object;)Ljava/lang/Object;
J  scala.collection.AbstractIterator.foreach(Lscala/Function1;)V
J  sbt.IDSet$$anon$1.foreach(Lscala/Function1;)V
j  sbt.Execute.addNew(Ljava/lang/Object;Lsbt/CompletionService;)V+141
j  sbt.Execute.runKeep(Ljava/lang/Object;Lsbt/CompletionService;)Lsbt/RMap;+26
j  sbt.EvaluateTask$.liftedTree1$1(Lsbt/Task;Lsbt/State;Lsbt/CompletionService;Lscala/Function0;Lsbt/Execute;)Lscala/Tuple2;+5
j  sbt.EvaluateTask$.sbt$EvaluateTask$$run$1(Lsbt/Task;Lsbt/State;Lsbt/std/Streams;Lsbt/Triggers;Lsbt/EvaluateConfig;Lsbt/NodeView;Lsbt/CompletionService;Lscala/Function0;)Lscala/Tuple2;+45
j  sbt.EvaluateTask$.runTask(Lsbt/Task;Lsbt/State;Lsbt/std/Streams;Lsbt/Triggers;Lsbt/EvaluateConfig;Lsbt/NodeView;)Lscala/Tuple2;+212
j  sbt.EvaluateTask$$anonfun$apply$1$$anonfun$apply$3.apply(Lscala/Tuple2;)Lscala/Tuple2;+60
j  sbt.EvaluateTask$$anonfun$apply$1$$anonfun$apply$3.apply(Ljava/lang/Object;)Ljava/lang/Object;+5
j  scala.Option$WithFilter.map(Lscala/Function1;)Lscala/Option;+65
j  sbt.EvaluateTask$$anonfun$apply$1.apply(Lsbt/std/Streams;)Lscala/Option;+43
j  sbt.EvaluateTask$$anonfun$apply$1.apply(Ljava/lang/Object;)Ljava/lang/Object;+5
j  sbt.EvaluateTask$.withStreams(Lsbt/BuildStructure;Lsbt/State;Lscala/Function1;)Ljava/lang/Object;+24
j  sbt.EvaluateTask$.apply(Lsbt/BuildStructure;Lsbt/Init$ScopedKey;Lsbt/State;Lsbt/ProjectRef;Lsbt/EvaluateConfig;)Lscala/Option;+17
j  sbt.EvaluateTask$.evaluateTask(Lsbt/BuildStructure;Lsbt/Init$ScopedKey;Lsbt/State;Lsbt/ProjectRef;ZI)Lscala/Option;+28
j  sbt.Defaults$$anonfun$watchSetting$1$$anon$1.watchPaths(Lsbt/State;)Lscala/collection/Seq;+37
j  play.PlayRun$$anonfun$playRunTask$1$$anonfun$apply$1$$anonfun$19.apply()Lscala/collection/Seq;+8
j  play.PlayRun$$anonfun$playRunTask$1$$anonfun$apply$1$$anonfun$19.apply()Ljava/lang/Object;+1
J  sbt.PathFinder$$anon$2.addTo(Lscala/collection/mutable/Set;)V
J  sbt.PathFinder.get()Lscala/collection/Seq;
j  sbt.SourceModificationWatch$.sourceFiles$1(Lsbt/PathFinder;)Lscala/collection/Iterable;+1
j  sbt.SourceModificationWatch$.watch(Lsbt/PathFinder;ILsbt/WatchState;Lscala/Function0;)Lscala/Tuple2;+13
j  play.PlayRun$$anonfun$playRunTask$1$$anonfun$apply$1.liftedTree1$1(Lsbt/Watched;Lsbt/State;Lsbt/PathFinder;Lsbt/WatchState;)Lscala/Tuple3;+20
j  play.PlayRun$$anonfun$playRunTask$1$$anonfun$apply$1.play$PlayRun$class$$anonfun$$anonfun$$executeContinuously$1(Lsbt/Watched;Lsbt/State;Lplay/core/SBTLink;Lscala/Option;Lsbt/AttributeKey;)Lscala/Option;+46
j  play.PlayRun$$anonfun$playRunTask$1$$anonfun$apply$1$$anonfun$2.apply$mcV$sp()V+76
j  play.PlayConsoleInteractionMode$$anonfun$doWithoutEcho$1.apply(Ljline/console/ConsoleReader;)V+16
j  play.PlayConsoleInteractionMode$$anonfun$doWithoutEcho$1.apply(Ljava/lang/Object;)Ljava/lang/Object;+5
j  play.PlayConsoleInteractionMode$.withConsoleReader(Lscala/Function1;)Ljava/lang/Object;+10
j  play.PlayConsoleInteractionMode$.doWithoutEcho(Lscala/Function0;)V+9
j  play.PlayRun$$anonfun$playRunTask$1$$anonfun$apply$1.apply(Lscala/collection/Seq;Lsbt/State;Ljava/lang/ClassLoader;Lscala/collection/Seq;Lscala/collection/Seq;Lscala/Function3;Lscala/Function3;)V+945
j  play.PlayRun$$anonfun$playRunTask$1$$anonfun$apply$1.apply(Ljava/lang/Object;Ljava/lang/Object;Ljava/lang/Object;Ljava/lang/Object;Ljava/lang/Object;Ljava/lang/Object;Ljava/lang/Object;)Ljava/lang/Object;+33
j  scala.Function7$$anonfun$tupled$1.apply(Lscala/Tuple7;)Ljava/lang/Object;+36
j  scala.Function7$$anonfun$tupled$1.apply(Ljava/lang/Object;)Ljava/lang/Object;+5
j  scala.Function1$$anonfun$compose$1.apply(Ljava/lang/Object;)Ljava/lang/Object;+14
j  sbt.$tilde$greater$$anonfun$$u2219$1.apply(Ljava/lang/Object;)Ljava/lang/Object;+13
j  sbt.std.Transform$$anon$4.work(Ljava/lang/Object;)Lscala/util/Either;+5
j  sbt.Execute$$anonfun$submit$1$$anonfun$apply$1.apply()Lscala/util/Either;+14
j  sbt.Execute$$anonfun$submit$1$$anonfun$apply$1.apply()Ljava/lang/Object;+1
j  sbt.ErrorHandling$.wideConvert(Lscala/Function0;)Lscala/util/Either;+7
j  sbt.Execute.work(Ljava/lang/Object;Lscala/Function0;Lsbt/CompletionService;)Lsbt/Completed;+14
j  sbt.Execute$$anonfun$submit$1.apply()Lsbt/Completed;+20
j  sbt.Execute$$anonfun$submit$1.apply()Ljava/lang/Object;+1
j  sbt.ConcurrentRestrictions$$anon$4$$anonfun$1.apply()Ljava/lang/Object;+4
j  sbt.CompletionService$$anon$2.call()Ljava/lang/Object;+4
j  java.util.concurrent.FutureTask$Sync.innerRun()V+29
j  java.util.concurrent.FutureTask.run()V+4
j  java.util.concurrent.Executors$RunnableAdapter.call()Ljava/lang/Object;+4
j  java.util.concurrent.FutureTask$Sync.innerRun()V+29
j  java.util.concurrent.FutureTask.run()V+4
j  java.util.concurrent.ThreadPoolExecutor.runWorker(Ljava/util/concurrent/ThreadPoolExecutor$Worker;)V+46
j  java.util.concurrent.ThreadPoolExecutor$Worker.run()V+5
j  java.lang.Thread.run()V+11
v  ~StubRoutines::call_stub

---------------  P R O C E S S  ---------------

Java Threads: ( => current thread )
  0x08f14800 JavaThread "play-akka.actor.default-dispatcher-13" [_thread_blocked, id=6860, stack(0x676fb000,0x677fc000)]
  0x0947f400 JavaThread "application-akka.actor.default-dispatcher-6" [_thread_blocked, id=6855, stack(0x660fc000,0x661fd000)]
  0x64bb0c00 JavaThread "application-scheduler-1" [_thread_blocked, id=6850, stack(0x662fe000,0x663ff000)]
  0x64bb0000 JavaThread "net.sf.ehcache.CacheManager@1905cea" daemon [_thread_blocked, id=6847, stack(0x641fb000,0x642fc000)]
  0x653d4c00 JavaThread "BoneCP-pool-watch-thread" daemon [_thread_blocked, id=6845, stack(0x663ff000,0x66500000)]
  0x653d4400 JavaThread "BoneCP-max-alive-scheduler" daemon [_thread_blocked, id=6844, stack(0x648fe000,0x649ff000)]
  0x6564f400 JavaThread "BoneCP-keep-alive-scheduler" daemon [_thread_blocked, id=6843, stack(0x640fa000,0x641fb000)]
  0x66927000 JavaThread "com.google.common.base.internal.Finalizer" daemon [_thread_blocked, id=6841, stack(0x66b8f000,0x66c90000)]
  0x09589000 JavaThread "play-internal-execution-context-7" daemon [_thread_blocked, id=2241, stack(0x62be5000,0x62ce6000)]
  0x094f1800 JavaThread "JDWP Command Reader" daemon [_thread_in_native, id=27769, stack(0x677fc000,0x678fd000)]
  0x67e1c000 JavaThread "JDWP Transport Listener: dt_socket" daemon [_thread_blocked, id=27739, stack(0x66d91000,0x66e92000)]
  0x09506400 JavaThread "AsyncHttpClient-Reaper" daemon [_thread_blocked, id=22120, stack(0x639f3000,0x63af4000)]
  0x09505400 JavaThread "AsyncHttpClient-Reaper" daemon [_thread_blocked, id=22119, stack(0x635ef000,0x636f0000)]
  0x09a85800 JavaThread "Hashed wheel timer #1" [_thread_blocked, id=22115, stack(0x63df7000,0x63ef8000)]
  0x67c6b800 JavaThread "Timer-1" daemon [_thread_blocked, id=22114, stack(0x661fd000,0x662fe000)]
  0x665d4800 JavaThread "New I/O boss #10" [_thread_in_native, id=22113, stack(0x631eb000,0x632ec000)]
  0x67fc3400 JavaThread "New I/O worker #9" daemon [_thread_in_native, id=22112, stack(0x633ed000,0x634ee000)]
  0x67f9c400 JavaThread "New I/O worker #8" daemon [_thread_in_native, id=22111, stack(0x630ea000,0x631eb000)]
  0x67f9c000 JavaThread "New I/O worker #7" daemon [_thread_in_native, id=22110, stack(0x634ee000,0x635ef000)]
  0x67faa000 JavaThread "New I/O worker #6" daemon [_thread_in_native, id=22109, stack(0x644fe000,0x645ff000)]
  0x65728c00 JavaThread "Timer-0" [_thread_blocked, id=21928, stack(0x645ff000,0x64700000)]
  0x096a8c00 JavaThread "Ebean-default.1" daemon [_thread_blocked, id=21922, stack(0x638f2000,0x639f3000)]
  0x09181000 JavaThread "Ebean-default.0" daemon [_thread_blocked, id=21920, stack(0x63af4000,0x63bf5000)]
  0x0996dc00 JavaThread "play-scheduler-1" [_thread_blocked, id=21842, stack(0x65bfd000,0x65cfe000)]
  0x68b38c00 JavaThread "New I/O server boss #5" [_thread_in_native, id=21574, stack(0x66f93000,0x67094000)]
  0x67faec00 JavaThread "New I/O worker #4" [_thread_in_native, id=21573, stack(0x67094000,0x67195000)]
  0x67fae000 JavaThread "New I/O worker #3" [_thread_in_native, id=21572, stack(0x675fa000,0x676fb000)]
  0x67fad800 JavaThread "New I/O worker #2" [_thread_in_native, id=21571, stack(0x673f8000,0x674f9000)]
  0x093ff000 JavaThread "New I/O worker #1" [_thread_in_native, id=21570, stack(0x674f9000,0x675fa000)]
=>0x09042000 JavaThread "pool-7-thread-3" [_thread_in_vm, id=21564, stack(0x678fd000,0x679fe000)]
  0x69915400 JavaThread "H2 PG Server (pg://127.0.1.1:5435)" [_thread_in_native, id=21487, stack(0x67aff000,0x67c00000)]
  0x67e8b000 JavaThread "H2 TCP Server (tcp://127.0.1.1:9092)" [_thread_in_native, id=21486, stack(0x685fc000,0x686fd000)]
  0x67fe5800 JavaThread "AWT-XAWT" daemon [_thread_in_native, id=21481, stack(0x688ff000,0x68a00000)]
  0x67f52c00 JavaThread "Java2D Disposer" daemon [_thread_blocked, id=21480, stack(0x686fd000,0x687fe000)]
  0x0916d400 JavaThread "Abandoned connection cleanup thread" daemon [_thread_blocked, id=21479, stack(0x682ff000,0x68400000)]
  0x67ecd400 JavaThread "H2 Console Server (http://127.0.1.1:8082)" [_thread_in_native, id=21476, stack(0x687fe000,0x688ff000)]
  0x69902800 JavaThread "Service Thread" daemon [_thread_blocked, id=21428, stack(0x695fc000,0x696fd000)]
  0x69900800 JavaThread "C2 CompilerThread1" daemon [_thread_blocked, id=21427, stack(0x696fd000,0x6977e000)]
  0x08d6d400 JavaThread "C2 CompilerThread0" daemon [_thread_blocked, id=21426, stack(0x6977e000,0x697ff000)]
  0x08d66800 JavaThread "JDWP Event Helper Thread" daemon [_thread_blocked, id=21425, stack(0x697ff000,0x69900000)]
  0x08d5c000 JavaThread "Signal Dispatcher" daemon [_thread_blocked, id=21423, stack(0x69b04000,0x69c05000)]
  0x08d22c00 JavaThread "Finalizer" daemon [_thread_blocked, id=21421, stack(0x69c05000,0x69d06000)]
  0x08d1dc00 JavaThread "Reference Handler" daemon [_thread_blocked, id=21420, stack(0x69d06000,0x69e07000)]
  0x08c72c00 JavaThread "main" [_thread_blocked, id=21416, stack(0xb6a2b000,0xb6b2c000)]

Other Threads:
  0x08d18000 VMThread [stack: 0x69e07000,0x69e88000] [id=21419]
  0x69904800 WatcherThread [stack: 0x6957b000,0x695fc000] [id=21429]

VM state:not at safepoint (normal execution)

VM Mutex/Monitor currently owned by a thread:  ([mutex/lock_event])
[0x08c71060] Threads_lock - owner thread: 0x09042000

Heap
 PSYoungGen      total 86656K, used 31887K [0x9faa0000, 0xa4ff0000, 0xaa540000)
  eden space 86016K, 36% used [0x9faa0000,0xa19a7e80,0xa4ea0000)
  from space 640K, 17% used [0xa4ea0000,0xa4ebc000,0xa4f40000)
  to   space 576K, 0% used [0xa4f60000,0xa4f60000,0xa4ff0000)
 PSOldGen        total 174784K, used 39348K [0x8a540000, 0x94ff0000, 0x9faa0000)
  object space 174784K, 22% used [0x8a540000,0x8cbad010,0x94ff0000)
 PSPermGen       total 55040K, used 54930K [0x6a540000, 0x6db00000, 0x8a540000)
  object space 55040K, 99% used [0x6a540000,0x6dae4bb8,0x6db00000)

Code Cache  [0xaa84d000, 0xaadfd000, 0xb684d000)
 total_blobs=2791 nmethods=2542 adapters=208 free_code_cache=190859Kb largest_free_block=195386752

Dynamic libraries:
08048000-08049000 r-xp 00000000 08:06 3522603    /home/alopez1/Programas/jdk1.7.0_02/bin/java
08049000-0804a000 rw-p 00000000 08:06 3522603    /home/alopez1/Programas/jdk1.7.0_02/bin/java
08c6c000-09ce6000 rw-p 00000000 00:00 0          [heap]
41000000-4101a000 r-xp 00000000 08:02 620638     /lib/ld-2.7.so
4101a000-4101c000 rw-p 0001a000 08:02 620638     /lib/ld-2.7.so
42937000-42a8c000 r-xp 00000000 08:02 628977     /lib/i686/cmov/libc-2.7.so
42a8c000-42a8d000 r--p 00155000 08:02 628977     /lib/i686/cmov/libc-2.7.so
42a8d000-42a8f000 rw-p 00156000 08:02 628977     /lib/i686/cmov/libc-2.7.so
42a8f000-42a92000 rw-p 00000000 00:00 0 
42a94000-42a96000 r-xp 00000000 08:02 628714     /lib/i686/cmov/libdl-2.7.so
42a96000-42a98000 rw-p 00001000 08:02 628714     /lib/i686/cmov/libdl-2.7.so
42a9a000-42aaf000 r-xp 00000000 08:02 628978     /lib/i686/cmov/libpthread-2.7.so
42aaf000-42ab1000 rw-p 00014000 08:02 628978     /lib/i686/cmov/libpthread-2.7.so
42ab1000-42ab3000 rw-p 00000000 00:00 0 
42ab5000-42ad9000 r-xp 00000000 08:02 628724     /lib/i686/cmov/libm-2.7.so
42ad9000-42adb000 rw-p 00023000 08:02 628724     /lib/i686/cmov/libm-2.7.so
42add000-42af1000 r-xp 00000000 08:02 322179     /usr/lib/libz.so.1.2.3.3
42af1000-42af2000 rw-p 00013000 08:02 322179     /usr/lib/libz.so.1.2.3.3
42af4000-42b04000 r-xp 00000000 08:02 628979     /lib/i686/cmov/libresolv-2.7.so
42b04000-42b06000 rw-p 0000f000 08:02 628979     /lib/i686/cmov/libresolv-2.7.so
42b06000-42b08000 rw-p 00000000 00:00 0 
42b0a000-42b3a000 r-xp 00000000 08:02 319635     /usr/lib/libpcre.so.3.12.1
42b3a000-42b3b000 rw-p 0002f000 08:02 319635     /usr/lib/libpcre.so.3.12.1
42b3d000-42c08000 r-xp 00000000 08:02 620639     /lib/libglib-2.0.so.0.2400.2
42c08000-42c09000 rw-p 000cb000 08:02 620639     /lib/libglib-2.0.so.0.2400.2
42c0b000-42c12000 r-xp 00000000 08:02 628730     /lib/i686/cmov/librt-2.7.so
42c12000-42c14000 rw-p 00006000 08:02 628730     /lib/i686/cmov/librt-2.7.so
42c16000-42c52000 r-xp 00000000 08:02 321109     /usr/lib/libgobject-2.0.so.0.2400.2
42c52000-42c53000 rw-p 0003c000 08:02 321109     /usr/lib/libgobject-2.0.so.0.2400.2
42c55000-42c59000 r-xp 00000000 08:02 320482     /usr/lib/libgthread-2.0.so.0.2400.2
42c59000-42c5a000 rw-p 00003000 08:02 320482     /usr/lib/libgthread-2.0.so.0.2400.2
42c5c000-42c60000 r-xp 00000000 08:02 321478     /usr/lib/libXdmcp.so.6.0.0
42c60000-42c61000 rw-p 00003000 08:02 321478     /usr/lib/libXdmcp.so.6.0.0
42c63000-42c65000 r-xp 00000000 08:02 322569     /usr/lib/libXau.so.6.0.0
42c65000-42c66000 rw-p 00001000 08:02 322569     /usr/lib/libXau.so.6.0.0
42c68000-42d82000 r-xp 00000000 08:02 322571     /usr/lib/libX11.so.6.3.0
42d82000-42d86000 rw-p 00119000 08:02 322571     /usr/lib/libX11.so.6.3.0
42d88000-42da0000 r-xp 00000000 08:02 321480     /usr/lib/libxcb.so.1.1.0
42da0000-42da1000 rw-p 00017000 08:02 321480     /usr/lib/libxcb.so.1.1.0
42dbe000-42dcc000 r-xp 00000000 08:02 322574     /usr/lib/libXext.so.6.4.0
42dcc000-42dcd000 rw-p 0000d000 08:02 322574     /usr/lib/libXext.so.6.4.0
42e94000-42e97000 r-xp 00000000 08:02 322563     /usr/lib/libgmodule-2.0.so.0.2400.2
42e97000-42e98000 rw-p 00002000 08:02 322563     /usr/lib/libgmodule-2.0.so.0.2400.2
42f6a000-42f76000 r-xp 00000000 08:02 321787     /usr/lib/libXi.so.6.1.0
42f76000-42f77000 rw-p 0000c000 08:02 321787     /usr/lib/libXi.so.6.1.0
42f79000-42f7d000 r-xp 00000000 08:02 321582     /usr/lib/libXfixes.so.3.1.0
42f7d000-42f7e000 rw-p 00003000 08:02 321582     /usr/lib/libXfixes.so.3.1.0
4307e000-43086000 r-xp 00000000 08:02 321486     /usr/lib/libXrender.so.1.3.0
43086000-43087000 rw-p 00007000 08:02 321486     /usr/lib/libXrender.so.1.3.0
43615000-4361d000 r-xp 00000000 08:02 321590     /usr/lib/libXcursor.so.1.0.2
4361d000-4361e000 rw-p 00007000 08:02 321590     /usr/lib/libXcursor.so.1.0.2
43625000-43696000 r-xp 00000000 08:02 320415     /usr/lib/libgcrypt.so.11.5.3
43696000-43699000 rw-p 00070000 08:02 320415     /usr/lib/libgcrypt.so.11.5.3
4369b000-4369e000 r-xp 00000000 08:02 320525     /usr/lib/libgpg-error.so.0.4.0
4369e000-4369f000 rw-p 00002000 08:02 320525     /usr/lib/libgpg-error.so.0.4.0
436a1000-436b0000 r-xp 00000000 08:02 321873     /usr/lib/libtasn1.so.3.0.15
436b0000-436b1000 rw-p 0000e000 08:02 321873     /usr/lib/libtasn1.so.3.0.15
436b3000-4374a000 r-xp 00000000 08:02 320395     /usr/lib/libgnutls.so.26.4.6
4374a000-43750000 rw-p 00097000 08:02 320395     /usr/lib/libgnutls.so.26.4.6
43752000-43788000 r-xp 00000000 08:02 322196     /usr/lib/libdbus-1.so.3.4.0
43788000-4378a000 rw-p 00035000 08:02 322196     /usr/lib/libdbus-1.so.3.4.0
437f9000-43815000 r-xp 00000000 08:02 321524     /usr/lib/libdbus-glib-1.so.2.1.0
43815000-43816000 rw-p 0001c000 08:02 321524     /usr/lib/libdbus-glib-1.so.2.1.0
4381e000-43942000 r-xp 00000000 08:02 322586     /usr/lib/libxml2.so.2.7.8
43942000-43947000 rw-p 00124000 08:02 322586     /usr/lib/libxml2.so.2.7.8
43947000-43948000 rw-p 00000000 00:00 0 
43a89000-43a8b000 r-xp 00000000 08:02 628717     /lib/i686/cmov/libutil-2.7.so
43a8b000-43a8d000 rw-p 00001000 08:02 628717     /lib/i686/cmov/libutil-2.7.so
43a8f000-43ad8000 r-xp 00000000 08:02 322582     /usr/lib/libORBit-2.so.0.1.0
43ad8000-43ae1000 rw-p 00049000 08:02 322582     /usr/lib/libORBit-2.so.0.1.0
43ae1000-43ae2000 rw-p 00000000 00:00 0 
43ae4000-43b14000 r-xp 00000000 08:02 322184     /usr/lib/libgconf-2.so.4.1.5
43b14000-43b17000 rw-p 0002f000 08:02 322184     /usr/lib/libgconf-2.so.4.1.5
43b76000-43b7f000 r-xp 00000000 08:02 620640     /lib/libpopt.so.0.0.0
43b7f000-43b80000 rw-p 00008000 08:02 620640     /lib/libpopt.so.0.0.0
43c4d000-43c5c000 r-xp 00000000 08:02 322588     /usr/lib/libavahi-client.so.3.2.4
43c5c000-43c5d000 rw-p 0000e000 08:02 322588     /usr/lib/libavahi-client.so.3.2.4
43c5f000-43c6a000 r-xp 00000000 08:02 320401     /usr/lib/libavahi-common.so.3.5.0
43c6a000-43c6b000 rw-p 0000a000 08:02 320401     /usr/lib/libavahi-common.so.3.5.0
43c6d000-43c8d000 r-xp 00000000 08:02 322592     /usr/lib/libaudiofile.so.0.0.2
43c8d000-43c90000 rw-p 0001f000 08:02 322592     /usr/lib/libaudiofile.so.0.0.2
43c92000-43c9e000 r-xp 00000000 08:02 619007     /lib/libgcc_s.so.1
43c9e000-43c9f000 rw-p 0000b000 08:02 619007     /lib/libgcc_s.so.1
43ca1000-43ca9000 r-xp 00000000 08:02 322593     /usr/lib/libesd.so.0.2.36
43ca9000-43caa000 rw-p 00007000 08:02 322593     /usr/lib/libesd.so.0.2.36
43cac000-43cae000 r-xp 00000000 08:02 322587     /usr/lib/libavahi-glib.so.1.0.1
43cae000-43caf000 rw-p 00002000 08:02 322587     /usr/lib/libavahi-glib.so.1.0.1
43cb1000-43d04000 r-xp 00000000 08:02 322591     /usr/lib/libbonobo-2.so.0.0.0
43d04000-43d0e000 rw-p 00052000 08:02 322591     /usr/lib/libbonobo-2.so.0.0.0
43d10000-43d68000 r-xp 00000000 08:02 322589     /usr/lib/libgnomevfs-2.so.0.2200.0
43d68000-43d6b000 rw-p 00057000 08:02 322589     /usr/lib/libgnomevfs-2.so.0.2200.0
43d6d000-43d80000 r-xp 00000000 08:02 322195     /usr/lib/libbonobo-activation.so.4.0.0
43d80000-43d82000 rw-p 00013000 08:02 322195     /usr/lib/libbonobo-activation.so.4.0.0
43d84000-43d88000 r-xp 00000000 08:02 322590     /usr/lib/libORBitCosNaming-2.so.0.1.0
43d88000-43d89000 rw-p 00003000 08:02 322590     /usr/lib/libORBitCosNaming-2.so.0.1.0
43f05000-43f19000 r-xp 00000000 08:02 322594     /usr/lib/libgnome-2.so.0.1999.2
43f19000-43f1a000 rw-p 00013000 08:02 322594     /usr/lib/libgnome-2.so.0.1999.2
447e4000-447e8000 r-xp 00000000 08:02 321629     /usr/lib/libXtst.so.6.1.0
447e8000-447e9000 rw-p 00004000 08:02 321629     /usr/lib/libXtst.so.6.1.0
60100000-601f0000 rw-p 00000000 00:00 0 
601f0000-60200000 ---p 00000000 00:00 0 
60200000-602bf000 rw-p 00000000 00:00 0 
602bf000-60300000 ---p 00000000 00:00 0 
60300000-603f8000 rw-p 00000000 00:00 0 
603f8000-60400000 ---p 00000000 00:00 0 
60400000-604fd000 rw-p 00000000 00:00 0 
604fd000-60500000 ---p 00000000 00:00 0 
60500000-60700000 rw-p 00000000 00:00 0 
60700000-608fb000 rw-p 00000000 00:00 0 
608fb000-60900000 ---p 00000000 00:00 0 
60900000-60afa000 rw-p 00000000 00:00 0 
60afa000-60b00000 ---p 00000000 00:00 0 
60b00000-60c00000 rw-p 00000000 00:00 0 
60e00000-60efb000 rw-p 00000000 00:00 0 
60efb000-60f00000 ---p 00000000 00:00 0 
60f00000-61000000 rw-p 00000000 00:00 0 
61000000-61200000 rw-p 00000000 00:00 0 
61200000-61400000 rw-p 00000000 00:00 0 
61400000-61600000 rw-p 00000000 00:00 0 
61600000-61800000 rw-p 00000000 00:00 0 
61800000-61a00000 rw-p 00000000 00:00 0 
61a00000-61b00000 rw-p 00000000 00:00 0 
61d00000-61dfd000 rw-p 00000000 00:00 0 
61dfd000-61e00000 ---p 00000000 00:00 0 
61e00000-61f00000 rw-p 00000000 00:00 0 
61f00000-61fea000 rw-p 00000000 00:00 0 
61fea000-62000000 ---p 00000000 00:00 0 
62200000-622bb000 rw-p 00000000 00:00 0 
622bb000-62300000 ---p 00000000 00:00 0 
62400000-625fa000 rw-p 00000000 00:00 0 
625fa000-62600000 ---p 00000000 00:00 0 
62600000-626df000 rw-p 00000000 00:00 0 
626df000-62700000 ---p 00000000 00:00 0 
62700000-627fa000 rw-p 00000000 00:00 0 
627fa000-62800000 ---p 00000000 00:00 0 
62800000-628e8000 rw-p 00000000 00:00 0 
628e8000-62900000 ---p 00000000 00:00 0 
629e3000-629e6000 ---p 00000000 00:00 0 
629e6000-62ae4000 rw-p 00000000 00:00 0 
62ae4000-62ae7000 ---p 00000000 00:00 0 
62ae7000-62be5000 rw-p 00000000 00:00 0 
62be5000-62be8000 ---p 00000000 00:00 0 
62be8000-62ce6000 rw-p 00000000 00:00 0 
62ce6000-62ce9000 ---p 00000000 00:00 0 
62ce9000-62de7000 rw-p 00000000 00:00 0 
62de7000-62dea000 ---p 00000000 00:00 0 
62dea000-62ee8000 rw-p 00000000 00:00 0 
62ee8000-62eeb000 ---p 00000000 00:00 0 
62eeb000-62fe9000 rw-p 00000000 00:00 0 
62fe9000-62fec000 ---p 00000000 00:00 0 
62fec000-630ea000 rw-p 00000000 00:00 0 
630ea000-630ed000 ---p 00000000 00:00 0 
630ed000-631eb000 rw-p 00000000 00:00 0 
631eb000-631ee000 ---p 00000000 00:00 0 
631ee000-632ec000 rw-p 00000000 00:00 0 
632ec000-632ef000 ---p 00000000 00:00 0 
632ef000-633ed000 rw-p 00000000 00:00 0 
633ed000-633f0000 ---p 00000000 00:00 0 
633f0000-634ee000 rw-p 00000000 00:00 0 
634ee000-634f1000 ---p 00000000 00:00 0 
634f1000-635ef000 rw-p 00000000 00:00 0 
635ef000-635f2000 ---p 00000000 00:00 0 
635f2000-636f0000 rw-p 00000000 00:00 0 
636f0000-636f3000 ---p 00000000 00:00 0 
636f3000-637f1000 rw-p 00000000 00:00 0 
637f1000-637f4000 ---p 00000000 00:00 0 
637f4000-638f2000 rw-p 00000000 00:00 0 
638f2000-638f5000 ---p 00000000 00:00 0 
638f5000-639f3000 rw-p 00000000 00:00 0 
639f3000-639f6000 ---p 00000000 00:00 0 
639f6000-63af4000 rw-p 00000000 00:00 0 
63af4000-63af7000 ---p 00000000 00:00 0 
63af7000-63bf5000 rw-p 00000000 00:00 0 
63bf5000-63bf8000 ---p 00000000 00:00 0 
63bf8000-63cf6000 rw-p 00000000 00:00 0 
63cf6000-63cf9000 ---p 00000000 00:00 0 
63cf9000-63df7000 rw-p 00000000 00:00 0 
63df7000-63dfa000 ---p 00000000 00:00 0 
63dfa000-63ef8000 rw-p 00000000 00:00 0 
63ef8000-63efb000 ---p 00000000 00:00 0 
63efb000-63ff9000 rw-p 00000000 00:00 0 
63ff9000-63ffc000 ---p 00000000 00:00 0 
63ffc000-640fa000 rw-p 00000000 00:00 0 
640fa000-640fd000 ---p 00000000 00:00 0 
640fd000-641fb000 rw-p 00000000 00:00 0 
641fb000-641fe000 ---p 00000000 00:00 0 
641fe000-642fc000 rw-p 00000000 00:00 0 
642fc000-642ff000 ---p 00000000 00:00 0 
642ff000-643fd000 rw-p 00000000 00:00 0 
643fd000-64400000 ---p 00000000 00:00 0 
64400000-644fe000 rw-p 00000000 00:00 0 
644fe000-64501000 ---p 00000000 00:00 0 
64501000-645ff000 rw-p 00000000 00:00 0 
645ff000-64602000 ---p 00000000 00:00 0 
64602000-64700000 rw-p 00000000 00:00 0 
64700000-647f8000 rw-p 00000000 00:00 0 
647f8000-64800000 ---p 00000000 00:00 0 
648fe000-64901000 ---p 00000000 00:00 0 
64901000-649ff000 rw-p 00000000 00:00 0 
649ff000-64a02000 ---p 00000000 00:00 0 
64a02000-64b00000 rw-p 00000000 00:00 0 
64b00000-64bfc000 rw-p 00000000 00:00 0 
64bfc000-64c00000 ---p 00000000 00:00 0 
64c00000-64cd5000 rw-p 00000000 00:00 0 
64cd5000-64d00000 ---p 00000000 00:00 0 
64d00000-64dfb000 rw-p 00000000 00:00 0 
64dfb000-64e00000 ---p 00000000 00:00 0 
64e00000-64ef1000 rw-p 00000000 00:00 0 
64ef1000-64f00000 ---p 00000000 00:00 0 
64f00000-64fff000 rw-p 00000000 00:00 0 
64fff000-65000000 ---p 00000000 00:00 0 
65000000-65100000 rw-p 00000000 00:00 0 
65100000-651f8000 rw-p 00000000 00:00 0 
651f8000-65200000 ---p 00000000 00:00 0 
65200000-65300000 rw-p 00000000 00:00 0 
65300000-65400000 rw-p 00000000 00:00 0 
65400000-654ea000 rw-p 00000000 00:00 0 
654ea000-65500000 ---p 00000000 00:00 0 
65500000-656ff000 rw-p 00000000 00:00 0 
656ff000-65700000 ---p 00000000 00:00 0 
65700000-657ff000 rw-p 00000000 00:00 0 
657ff000-65800000 ---p 00000000 00:00 0 
658fa000-658fd000 ---p 00000000 00:00 0 
658fd000-659fb000 rw-p 00000000 00:00 0 
659fb000-659fe000 ---p 00000000 00:00 0 
659fe000-65afc000 rw-p 00000000 00:00 0 
65afc000-65aff000 ---p 00000000 00:00 0 
65aff000-65bfd000 rw-p 00000000 00:00 0 
65bfd000-65c00000 ---p 00000000 00:00 0 
65c00000-65cfe000 rw-p 00000000 00:00 0 
65cfe000-65d01000 ---p 00000000 00:00 0 
65d01000-65dff000 rw-p 00000000 00:00 0 
65dff000-65e02000 ---p 00000000 00:00 0 
65e02000-65f00000 rw-p 00000000 00:00 0 
65f00000-65ffc000 rw-p 00000000 00:00 0 
65ffc000-66000000 ---p 00000000 00:00 0 
660fc000-660ff000 ---p 00000000 00:00 0 
660ff000-661fd000 rw-p 00000000 00:00 0 
661fd000-66200000 ---p 00000000 00:00 0 
66200000-662fe000 rw-p 00000000 00:00 0 
662fe000-66301000 ---p 00000000 00:00 0 
66301000-663ff000 rw-p 00000000 00:00 0 
663ff000-66402000 ---p 00000000 00:00 0 
66402000-66500000 rw-p 00000000 00:00 0 
66500000-665d7000 rw-p 00000000 00:00 0 
665d7000-66600000 ---p 00000000 00:00 0 
666fe000-66701000 ---p 00000000 00:00 0 
66701000-667ff000 rw-p 00000000 00:00 0 
667ff000-66802000 ---p 00000000 00:00 0 
66802000-66900000 rw-p 00000000 00:00 0 
66900000-669f0000 rw-p 00000000 00:00 0 
669f0000-66a00000 ---p 00000000 00:00 0 
66a30000-66a34000 r-xp 00000000 08:02 628731     /lib/i686/cmov/libnss_dns-2.7.so
66a34000-66a36000 rw-p 00003000 08:02 628731     /lib/i686/cmov/libnss_dns-2.7.so
66a42000-66a46000 r--s 0002d000 08:06 3538963    /home/alopez1/Programas/jdk1.7.0_02/jre/lib/ext/sunjce_provider.jar
66a46000-66a79000 r-xp 00000000 08:06 3539009    /home/alopez1/Programas/jdk1.7.0_02/jre/lib/i386/libsunec.so
66a79000-66a7d000 rw-p 00032000 08:06 3539009    /home/alopez1/Programas/jdk1.7.0_02/jre/lib/i386/libsunec.so
66a7d000-66a81000 rw-p 00000000 00:00 0 
66a81000-66a82000 r--s 00003000 08:06 3538965    /home/alopez1/Programas/jdk1.7.0_02/jre/lib/ext/sunec.jar
66a82000-66a86000 r--s 00037000 08:06 3538967    /home/alopez1/Programas/jdk1.7.0_02/jre/lib/ext/sunpkcs11.jar
66a86000-66a8d000 r-xp 00000000 08:06 3538997    /home/alopez1/Programas/jdk1.7.0_02/jre/lib/i386/libmanagement.so
66a8d000-66a8e000 rw-p 00006000 08:06 3538997    /home/alopez1/Programas/jdk1.7.0_02/jre/lib/i386/libmanagement.so
66a8e000-66a91000 ---p 00000000 00:00 0 
66a91000-66b8f000 rw-p 00000000 00:00 0 
66b8f000-66b92000 ---p 00000000 00:00 0 
66b92000-66c90000 rw-p 00000000 00:00 0 
66c90000-66c93000 ---p 00000000 00:00 0 
66c93000-66d91000 rw-p 00000000 00:00 0 
66d91000-66d94000 ---p 00000000 00:00 0 
66d94000-66e92000 rw-p 00000000 00:00 0 
66e92000-66e95000 ---p 00000000 00:00 0 
66e95000-66f93000 rw-p 00000000 00:00 0 
66f93000-66f96000 ---p 00000000 00:00 0 
66f96000-67094000 rw-p 00000000 00:00 0 
67094000-67097000 ---p 00000000 00:00 0 
67097000-67195000 rw-p 00000000 00:00 0 
67195000-67198000 r--s 00012000 08:06 5259770    /home/alopez1/Programas/play-2.2.1/repository/local/com.typesafe.play/play-doc_2.10/1.0.3/jars/play-doc_2.10.jar
67198000-671a0000 r--s 00040000 08:06 5260287    /home/alopez1/Programas/play-2.2.1/repository/local/org.apache.httpcomponents/httpclient/4.0.1/jars/httpclient.jar
671a0000-671a5000 r--s 00026000 08:06 5260306    /home/alopez1/Programas/play-2.2.1/repository/local/org.apache.httpcomponents/httpcore/4.0.1/jars/httpcore.jar
671a5000-671a7000 r--s 0000a000 08:06 5260001    /home/alopez1/Programas/play-2.2.1/repository/local/commons-codec/commons-codec/1.3/jars/commons-codec.jar
671a7000-671aa000 r--s 00017000 08:06 5374034    /home/alopez1/Programas/play-2.2.1/repository/cache/org.databene/contiperf/jars/contiperf-2.2.0.jar
671aa000-671ae000 r--s 0001c000 08:06 5374054    /home/alopez1/Programas/play-2.2.1/repository/cache/org.seleniumhq.selenium/selenium-support/jars/selenium-support-2.33.0.jar
671ae000-671b0000 r--s 0003e000 08:06 5374052    /home/alopez1/Programas/play-2.2.1/repository/cache/org.seleniumhq.selenium/selenium-safari-driver/jars/selenium-safari-driver-2.33.0.jar
671b0000-671b2000 r--s 00002000 08:06 5374050    /home/alopez1/Programas/play-2.2.1/repository/cache/org.seleniumhq.selenium/selenium-iphone-driver/jars/selenium-iphone-driver-2.33.0.jar
671b2000-671b4000 r--s 00002000 08:06 5374048    /home/alopez1/Programas/play-2.2.1/repository/cache/org.seleniumhq.selenium/selenium-ie-driver/jars/selenium-ie-driver-2.33.0.jar
671b4000-671b6000 r--s 00270000 08:06 5374046    /home/alopez1/Programas/play-2.2.1/repository/cache/org.seleniumhq.selenium/selenium-firefox-driver/jars/selenium-firefox-driver-2.33.0.jar
671b6000-671b8000 r--s 0000c000 08:06 5374044    /home/alopez1/Programas/play-2.2.1/repository/cache/org.seleniumhq.selenium/selenium-htmlunit-driver/jars/selenium-htmlunit-driver-2.33.0.jar
671b8000-671b9000 r--s 00002000 08:06 5374042    /home/alopez1/Programas/play-2.2.1/repository/cache/org.seleniumhq.selenium/selenium-chrome-driver/jars/selenium-chrome-driver-2.33.0.jar
671b9000-671be000 r--s 0001e000 08:06 5374058    /home/alopez1/Programas/play-2.2.1/repository/cache/org.seleniumhq.selenium/selenium-api/jars/selenium-api-2.33.0.jar
671be000-671c3000 r--s 00035000 08:06 5374056    /home/alopez1/Programas/play-2.2.1/repository/cache/org.seleniumhq.selenium/selenium-remote-driver/jars/selenium-remote-driver-2.33.0.jar
671c3000-671c5000 r--s 00052000 08:06 5374040    /home/alopez1/Programas/play-2.2.1/repository/cache/org.seleniumhq.selenium/selenium-android-driver/jars/selenium-android-driver-2.33.0.jar
671c5000-671cc000 r--s 00062000 08:06 5374038    /home/alopez1/Programas/play-2.2.1/repository/cache/org.seleniumhq.selenium/selenium-java/jars/selenium-java-2.33.0.jar
671cc000-671cf000 r--s 00012000 08:06 5374036    /home/alopez1/Programas/play-2.2.1/repository/cache/org.fluentlenium/fluentlenium-core/jars/fluentlenium-core-0.9.0.jar
671cf000-671d1000 r--s 00002000 08:06 5374032    /home/alopez1/Programas/play-2.2.1/repository/cache/org.fluentlenium/fluentlenium-festassert/jars/fluentlenium-festassert-0.9.0.jar
671d1000-671f2000 r--s 00162000 08:06 5374030    /home/alopez1/Programas/play-2.2.1/repository/cache/org.mockito/mockito-all/jars/mockito-all-1.9.5.jar
671f2000-671f3000 r--s 00004000 08:06 5276671    /home/alopez1/Programas/play-2.2.1/repository/cache/org.mindrot/jbcrypt/jars/jbcrypt-0.3m.jar
671f3000-671f5000 r--s 0000e000 08:06 5276719    /home/alopez1/Programas/play-2.2.1/repository/cache/javax.activation/activation/jars/activation-1.1.jar
671f5000-671fc000 r--s 00067000 08:06 5276717    /home/alopez1/Programas/play-2.2.1/repository/cache/javax.mail/mail/jars/mail-1.4.1.jar
671fc000-671fd000 r--s 00007000 08:06 5276715    /home/alopez1/Programas/play-2.2.1/repository/cache/org.apache.commons/commons-email/jars/commons-email-1.2.jar
671fd000-671ff000 r--s 0000b000 08:06 5277279    /home/alopez1/Programas/play-2.2.1/repository/cache/com.typesafe/play-plugins-mailer_2.10/jars/play-plugins-mailer_2.10-2.2.0.jar
671ff000-67201000 r--s 00002000 08:06 5277278    /home/alopez1/Programas/play-2.2.1/repository/cache/com.typesafe/play-plugins-util_2.10/jars/play-plugins-util_2.10-2.2.0.jar
67201000-67203000 r--s 00006000 08:06 5260378    /home/alopez1/Programas/play-2.2.1/repository/local/org.easytesting/fest-util/1.1.6/jars/fest-util.jar
67203000-67206000 r--s 00011000 08:06 5260368    /home/alopez1/Programas/play-2.2.1/repository/local/org.easytesting/fest-assert/1.4/jars/fest-assert.jar
67206000-6720b000 r--s 00024000 08:06 5268216    /home/alopez1/Programas/play-2.2.1/repository/local/org.webbitserver/webbit/0.4.14/jars/webbit.jar
6720b000-6720d000 r--s 00016000 08:06 5260389    /home/alopez1/Programas/play-2.2.1/repository/local/org.eclipse.jetty/jetty-http/8.1.9.v20130131/jars/jetty-http.jar
6720d000-67210000 r--s 00017000 08:06 5260399    /home/alopez1/Programas/play-2.2.1/repository/local/org.eclipse.jetty/jetty-io/8.1.9.v20130131/jars/jetty-io.jar
67210000-67215000 r--s 00041000 08:06 5260409    /home/alopez1/Programas/play-2.2.1/repository/local/org.eclipse.jetty/jetty-util/8.1.9.v20130131/jars/jetty-util.jar
67215000-67218000 r--s 0001c000 08:06 5260419    /home/alopez1/Programas/play-2.2.1/repository/local/org.eclipse.jetty/jetty-websocket/8.1.9.v20130131/jars/jetty-websocket.jar
67218000-6721c000 r--s 00027000 08:06 5260041    /home/alopez1/Programas/play-2.2.1/repository/local/commons-io/commons-io/2.2/jars/commons-io.jar
6721c000-6721d000 r--s 00003000 08:06 5268205    /home/alopez1/Programas/play-2.2.1/repository/local/org.w3c.css/sac/1.3/jars/sac.jar
6721d000-67221000 r--s 00053000 08:06 5260192    /home/alopez1/Programas/play-2.2.1/repository/local/net.sourceforge.cssparser/cssparser/0.9.9/jars/cssparser.jar
67221000-67224000 r--s 0001c000 08:06 5260224    /home/alopez1/Programas/play-2.2.1/repository/local/net.sourceforge.nekohtml/nekohtml/1.9.18/jars/nekohtml.jar
67224000-67231000 r--s 000ec000 08:06 5260213    /home/alopez1/Programas/play-2.2.1/repository/local/net.sourceforge.htmlunit/htmlunit-core-js/2.12/jars/htmlunit-core-js.jar
67231000-67233000 r--s 00005000 08:06 5260325    /home/alopez1/Programas/play-2.2.1/repository/local/org.apache.httpcomponents/httpmime/4.2.3/jars/httpmime.jar
67233000-67241000 r--s 0007f000 08:06 5260021    /home/alopez1/Programas/play-2.2.1/repository/local/commons-collections/commons-collections/3.2.1/jars/commons-collections.jar
67241000-67244000 r--s 00041000 08:06 5268249    /home/alopez1/Programas/play-2.2.1/repository/local/xalan/serializer/2.7.1/jars/serializer.jar
67244000-67269000 r--s 002e3000 08:06 5268259    /home/alopez1/Programas/play-2.2.1/repository/local/xalan/xalan/2.7.1/jars/xalan.jar
67269000-67280000 r--s 0011e000 08:06 5260203    /home/alopez1/Programas/play-2.2.1/repository/local/net.sourceforge.htmlunit/htmlunit/2.12/jars/htmlunit.jar
67280000-6728b000 r--s 000d5000 08:06 5260170    /home/alopez1/Programas/play-2.2.1/repository/local/net.java.dev.jna/platform/3.4.0/jars/platform.jar
6728b000-6728f000 r--s 000f3000 08:06 5260160    /home/alopez1/Programas/play-2.2.1/repository/local/net.java.dev.jna/jna/3.4.0/jars/jna.jar
6728f000-67291000 r--s 0000b000 08:06 5260266    /home/alopez1/Programas/play-2.2.1/repository/local/org.apache.commons/commons-exec/1.1/jars/commons-exec.jar
67291000-67297000 r--s 00033000 08:06 5260010    /home/alopez1/Programas/play-2.2.1/repository/local/commons-codec/commons-codec/1.6/jars/commons-codec.jar
67297000-6729d000 r--s 00031000 08:06 5260315    /home/alopez1/Programas/play-2.2.1/repository/local/org.apache.httpcomponents/httpcore/4.2.1/jars/httpcore.jar
6729d000-672a7000 r--s 0005f000 08:06 5260296    /home/alopez1/Programas/play-2.2.1/repository/local/org.apache.httpcomponents/httpclient/4.2.1/jars/httpclient.jar
672a7000-672a9000 r--s 00008000 08:06 5260537    /home/alopez1/Programas/play-2.2.1/repository/local/org.json/json/20080701/jars/json.jar
672a9000-672b0000 r--s 00049000 08:06 5259470    /home/alopez1/Programas/play-2.2.1/repository/local/cglib/cglib-nodep/2.1_3/jars/cglib-nodep.jar
672b0000-672b2000 r--s 00000000 08:06 5267968    /home/alopez1/Programas/play-2.2.1/repository/local/org.scala-tools.testing/test-interface/0.5/jars/test-interface.jar
672b2000-672b3000 r--s 00005000 08:06 5259666    /home/alopez1/Programas/play-2.2.1/repository/local/com.novocode/junit-interface/0.10/jars/junit-interface.jar
672b3000-672b5000 r--s 00009000 08:06 5260471    /home/alopez1/Programas/play-2.2.1/repository/local/org.hamcrest/hamcrest-core/1.3/jars/hamcrest-core.jar
672b5000-672bb000 r--s 00036000 08:06 5260138    /home/alopez1/Programas/play-2.2.1/repository/local/junit/junit/4.11/jars/junit.jar
672bb000-672be000 r--s 00024000 08:06 5259890    /home/alopez1/Programas/play-2.2.1/repository/local/com.typesafe.play/play-test_2.10/2.2.1/jars/play-test_2.10.jar
672be000-672cc000 r--s 000c1000 08:06 5374021    /home/alopez1/Programas/play-2.2.1/repository/cache/ws.securesocial/securesocial_2.10/jars/securesocial_2.10-2.1.3.jar
672cc000-672e7000 r--s 0012e000 08:06 5260181    /home/alopez1/Programas/play-2.2.1/repository/local/net.sf.ehcache/ehcache-core/2.6.6/jars/ehcache-core.jar
672e7000-672e9000 r--s 00007000 08:06 5259750    /home/alopez1/Programas/play-2.2.1/repository/local/com.typesafe.play/play-cache_2.10/2.2.1/jars/play-cache_2.10.jar
672e9000-672ee000 r--s 00015000 08:06 5260493    /home/alopez1/Programas/play-2.2.1/repository/local/org.hibernate.javax.persistence/hibernate-jpa-2.0-api/1.0.1.Final/jars/hibernate-jpa-2.0-api.jar
672ee000-6730a000 r--s 00167000 08:06 5260347    /home/alopez1/Programas/play-2.2.1/repository/local/org.avaje.ebeanorm/avaje-ebeanorm/3.2.2/jars/avaje-ebeanorm.jar
6730a000-6730c000 r--s 00002000 08:06 5259830    /home/alopez1/Programas/play-2.2.1/repository/local/com.typesafe.play/play-java-ebean_2.10/2.2.1/jars/play-java-ebean_2.10.jar
6730c000-6730f000 r--s 00012000 08:06 5260083    /home/alopez1/Programas/play-2.2.1/repository/local/javax.servlet/javax.servlet-api/3.0.1/jars/javax.servlet-api.jar
6730f000-67311000 r--s 00006000 08:06 5259578    /home/alopez1/Programas/play-2.2.1/repository/local/com.google.code.findbugs/jsr305/2.0.1/jars/jsr305.jar
67311000-67314000 r--s 00017000 08:06 5267521    /home/alopez1/Programas/play-2.2.1/repository/local/org.reflections/reflections/0.9.8/jars/reflections.jar
67314000-67320000 r--s 00089000 08:06 5268163    /home/alopez1/Programas/play-2.2.1/repository/local/org.springframework/spring-beans/3.2.3.RELEASE/jars/spring-beans.jar
67320000-67332000 r--s 000c2000 08:06 5268183    /home/alopez1/Programas/play-2.2.1/repository/local/org.springframework/spring-core/3.2.3.RELEASE/jars/spring-core.jar
67332000-67347000 r--s 000be000 08:06 5268173    /home/alopez1/Programas/play-2.2.1/repository/local/org.springframework/spring-context/3.2.3.RELEASE/jars/spring-context.jar
67347000-67349000 r--s 0000d000 08:06 5259498    /home/alopez1/Programas/play-2.2.1/repository/local/com.fasterxml/classmate/0.8.0/bundles/classmate.jar
67349000-6734b000 r--s 0000d000 08:06 5260515    /home/alopez1/Programas/play-2.2.1/repository/local/org.jboss.logging/jboss-logging/3.1.1.GA/jars/jboss-logging.jar
6734b000-6734f000 r--s 0000c000 08:06 5260105    /home/alopez1/Programas/play-2.2.1/repository/local/javax.validation/validation-api/1.1.0.Final/jars/validation-api.jar
6734f000-6735c000 r--s 0007f000 08:06 5260482    /home/alopez1/Programas/play-2.2.1/repository/local/org.hibernate/hibernate-validator/5.0.1.Final/jars/hibernate-validator.jar
6735c000-67363000 r--s 0003c000 08:06 5268223    /home/alopez1/Programas/play-2.2.1/repository/local/org.yaml/snakeyaml/1.12/bundles/snakeyaml.jar
67363000-67366000 r--s 00016000 08:06 5259860    /home/alopez1/Programas/play-2.2.1/repository/local/com.typesafe.play/play-java_2.10/2.2.1/jars/play-java_2.10.jar
67366000-6736b000 r--s 0002d000 08:06 5268238    /home/alopez1/Programas/play-2.2.1/repository/local/tyrex/tyrex/1.0.1/jars/tyrex.jar
6736b000-6736e000 r--s 00019000 08:06 5259629    /home/alopez1/Programas/play-2.2.1/repository/local/com.jolbox/bonecp/0.8.0.RELEASE/bundles/bonecp.jar
6736e000-6736f000 r--s 00003000 08:06 5260094    /home/alopez1/Programas/play-2.2.1/repository/local/javax.transaction/jta/1.1/jars/jta.jar
6736f000-67378000 r--s 0002d000 08:06 5268281    /home/alopez1/Programas/play-2.2.1/repository/local/xml-apis/xml-apis/1.4.01/jars/xml-apis.jar
67378000-67391000 r--s 00135000 08:06 5268270    /home/alopez1/Programas/play-2.2.1/repository/local/xerces/xercesImpl/2.11.0/jars/xercesImpl.jar
67391000-67393000 r--s 0000d000 08:06 5260061    /home/alopez1/Programas/play-2.2.1/repository/local/commons-logging/commons-logging/1.1.1/jars/commons-logging.jar
67393000-67394000 r--s 00001000 08:06 5260235    /home/alopez1/Programas/play-2.2.1/repository/local/oauth.signpost/signpost-commonshttp4/1.2.1.2/jars/signpost-commonshttp4.jar
67394000-67397000 r--s 00009000 08:06 5260245    /home/alopez1/Programas/play-2.2.1/repository/local/oauth.signpost/signpost-core/1.2.1.2/jars/signpost-core.jar
67397000-673a1000 r--s 00071000 08:06 5259655    /home/alopez1/Programas/play-2.2.1/repository/local/com.ning/async-http-client/1.7.18/jars/async-http-client.jar
673a1000-673a7000 r--s 00048000 08:06 5260276    /home/alopez1/Programas/play-2.2.1/repository/local/org.apache.commons/commons-lang3/3.1/jars/commons-lang3.jar
673a7000-673a8000 r--s 00003000 08:06 5259694    /home/alopez1/Programas/play-2.2.1/repository/local/com.typesafe.akka/akka-slf4j_2.10/2.2.0/bundles/akka-slf4j_2.10.jar
673a8000-673d0000 r--s 0025e000 08:06 5259688    /home/alopez1/Programas/play-2.2.1/repository/local/com.typesafe.akka/akka-actor_2.10/2.2.0/jars/akka-actor_2.10.jar
673d0000-673d6000 r--s 0003b000 08:06 5259481    /home/alopez1/Programas/play-2.2.1/repository/local/ch.qos.logback/logback-classic/1.0.13/jars/logback-classic.jar
673d6000-673e0000 r--s 0005d000 08:06 5259491    /home/alopez1/Programas/play-2.2.1/repository/local/ch.qos.logback/logback-core/1.0.13/jars/logback-core.jar
673e0000-673f8000 r--s 00110000 08:06 5260068    /home/alopez1/Programas/play-2.2.1/repository/local/io.netty/netty/3.7.0.Final/bundles/netty.jar
673f8000-673fb000 ---p 00000000 00:00 0 
673fb000-674f9000 rw-p 00000000 00:00 0 
674f9000-674fc000 ---p 00000000 00:00 0 
674fc000-675fa000 rw-p 00000000 00:00 0 
675fa000-675fd000 ---p 00000000 00:00 0 
675fd000-676fb000 rw-p 00000000 00:00 0 
676fb000-676fe000 ---p 00000000 00:00 0 
676fe000-677fc000 rw-p 00000000 00:00 0 
677fc000-677ff000 ---p 00000000 00:00 0 
677ff000-678fd000 rw-p 00000000 00:00 0 
678fd000-67900000 ---p 00000000 00:00 0 
67900000-679fe000 rw-p 00000000 00:00 0 
679fe000-67a01000 ---p 00000000 00:00 0 
67a01000-67aff000 rw-p 00000000 00:00 0 
67aff000-67b02000 ---p 00000000 00:00 0 
67b02000-67c00000 rw-p 00000000 00:00 0 
67c00000-67cfc000 rw-p 00000000 00:00 0 
67cfc000-67d00000 ---p 00000000 00:00 0 
67d02000-67d05000 r--s 00018000 08:06 3522646    /home/alopez1/Programas/jdk1.7.0_02/jre/lib/jce.jar
67d05000-67d08000 r--s 0000e000 08:06 5267510    /home/alopez1/Programas/play-2.2.1/repository/local/org.pegdown/pegdown/1.4.0/jars/pegdown.jar
67d08000-67d19000 r--s 000c3000 08:06 5259533    /home/alopez1/Programas/play-2.2.1/repository/local/com.fasterxml.jackson.core/jackson-databind/2.2.2/jars/jackson-databind.jar
67d19000-67d29000 r--s 0007d000 08:06 5260127    /home/alopez1/Programas/play-2.2.1/repository/local/joda-time/joda-time/2.2/jars/joda-time.jar
67d29000-67d31000 r--s 00052000 08:06 5259800    /home/alopez1/Programas/play-2.2.1/repository/local/com.typesafe.play/play-functional_2.10/2.2.1/jars/play-functional_2.10.jar
67d31000-67d3d000 r--s 0008e000 08:06 5259880    /home/alopez1/Programas/play-2.2.1/repository/local/com.typesafe.play/play-json_2.10/2.2.1/jars/play-json_2.10.jar
67d3d000-67d87000 r--s 00350000 08:06 5259900    /home/alopez1/Programas/play-2.2.1/repository/local/com.typesafe.play/play_2.10/2.2.1/jars/play_2.10.jar
67d87000-67db4000 r--s 00956000 08:06 5259780    /home/alopez1/Programas/play-2.2.1/repository/local/com.typesafe.play/play-docs_2.10/2.2.1/jars/play-docs_2.10.jar
67db4000-67dfd000 r-xp 00000000 08:06 3538973    /home/alopez1/Programas/jdk1.7.0_02/jre/lib/i386/xawt/libmawt.so
67dfd000-67dff000 rw-p 00048000 08:06 3538973    /home/alopez1/Programas/jdk1.7.0_02/jre/lib/i386/xawt/libmawt.so
67dff000-67e00000 rw-p 00000000 00:00 0 
67e00000-67eed000 rw-p 00000000 00:00 0 
67eed000-67f00000 ---p 00000000 00:00 0 
67f00000-68000000 rw-p 00000000 00:00 0 
68000000-680f9000 rw-p 00000000 00:00 0 
680f9000-68100000 ---p 00000000 00:00 0 
68100000-68102000 r--s 00003000 08:06 5268121    /home/alopez1/Programas/play-2.2.1/repository/local/org.slf4j/jcl-over-slf4j/1.7.5/jars/jcl-over-slf4j.jar
68102000-68103000 r--s 00001000 08:06 5268131    /home/alopez1/Programas/play-2.2.1/repository/local/org.slf4j/jul-to-slf4j/1.7.5/jars/jul-to-slf4j.jar
68103000-68105000 r--s 00005000 08:06 5268141    /home/alopez1/Programas/play-2.2.1/repository/local/org.slf4j/slf4j-api/1.7.5/jars/slf4j-api.jar
68105000-6818b000 r-xp 00000000 08:06 3538971    /home/alopez1/Programas/jdk1.7.0_02/jre/lib/i386/libawt.so
6818b000-68192000 rw-p 00086000 08:06 3538971    /home/alopez1/Programas/jdk1.7.0_02/jre/lib/i386/libawt.so
68192000-681b6000 rw-p 00000000 00:00 0 
681b6000-681be000 r--s 0003f000 08:06 5267975    /home/alopez1/Programas/play-2.2.1/repository/local/org.scalaz/scalaz-concurrent_2.10/7.0.2/bundles/scalaz-concurrent_2.10.jar
681be000-68252000 r--s 006c7000 08:06 5268152    /home/alopez1/Programas/play-2.2.1/repository/local/org.specs2/specs2_2.10/2.1.1/jars/specs2_2.10.jar
68252000-682ff000 r--s 00786000 08:06 5267985    /home/alopez1/Programas/play-2.2.1/repository/local/org.scalaz/scalaz-core_2.10/7.0.2/bundles/scalaz-core_2.10.jar
682ff000-68302000 ---p 00000000 00:00 0 
68302000-68400000 rw-p 00000000 00:00 0 
68400000-684ff000 rw-p 00000000 00:00 0 
684ff000-68500000 ---p 00000000 00:00 0 
68500000-68503000 r--s 0002c000 08:06 5259523    /home/alopez1/Programas/play-2.2.1/repository/local/com.fasterxml.jackson.core/jackson-core/2.2.2/jars/jackson-core.jar
68503000-68506000 r--s 00006000 08:06 5259513    /home/alopez1/Programas/play-2.2.1/repository/local/com.fasterxml.jackson.core/jackson-annotations/2.2.2/jars/jackson-annotations.jar
68506000-68508000 r--s 00008000 08:06 5260526    /home/alopez1/Programas/play-2.2.1/repository/local/org.joda/joda-convert/1.3.1/jars/joda-convert.jar
68508000-68511000 r--s 00096000 08:06 5267946    /home/alopez1/Programas/play-2.2.1/repository/local/org.scala-stm/scala-stm_2.10/0.7/jars/scala-stm_2.10.jar
68511000-68522000 r--s 0009e000 08:06 5259820    /home/alopez1/Programas/play-2.2.1/repository/local/com.typesafe.play/play-iteratees_2.10/2.2.1/jars/play-iteratees_2.10.jar
68522000-68524000 r--s 00008000 08:06 5259952    /home/alopez1/Programas/play-2.2.1/repository/local/com.typesafe.play/templates_2.10/2.2.1/jars/templates_2.10.jar
68524000-6852a000 r--s 0002c000 08:06 5259870    /home/alopez1/Programas/play-2.2.1/repository/local/com.typesafe.play/play-jdbc_2.10/2.2.1/jars/play-jdbc_2.10.jar
6852a000-68533000 r--s 00254000 08:06 3522621    /home/alopez1/Programas/jdk1.7.0_02/jre/lib/resources.jar
68533000-6853e000 r--s 00370000 08:06 3522639    /home/alopez1/Programas/jdk1.7.0_02/jre/lib/charsets.jar
6853e000-68542000 r--s 00014000 08:06 5268194    /home/alopez1/Programas/play-2.2.1/repository/local/org.tukaani/xz/1.0/jars/xz.jar
68542000-68547000 r--s 00036000 08:06 5260256    /home/alopez1/Programas/play-2.2.1/repository/local/org.apache.commons/commons-compress/1.4.1/jars/commons-compress.jar
68547000-68555000 r--s 00080000 08:06 5276972    /home/alopez1/Programas/play-2.2.1/repository/cache/scala_2.10/sbt_0.13/com.typesafe.sbt/sbt-native-packager/jars/sbt-native-packager-0.6.2.jar
68555000-68558000 r--s 00024000 08:06 5260032    /home/alopez1/Programas/play-2.2.1/repository/local/commons-io/commons-io/2.0.1/jars/commons-io.jar
68558000-68560000 r--s 0004b000 08:06 5259546    /home/alopez1/Programas/play-2.2.1/repository/local/com.github.mpeltonen/sbt-idea/scala_2.10/sbt_0.13/1.5.1/jars/sbt-idea.jar
68560000-6856a000 r--s 0005f000 08:06 5267995    /home/alopez1/Programas/play-2.2.1/repository/local/org.scalaz/scalaz-effect_2.10/7.0.2/bundles/scalaz-effect_2.10.jar
6856a000-68571000 r--s 0003b000 08:06 5276974    /home/alopez1/Programas/play-2.2.1/repository/cache/scala_2.10/sbt_0.13/com.typesafe.sbteclipse/sbteclipse-core/jars/sbteclipse-core-2.4.0.jar
68571000-68573000 r--s 00001000 08:06 5276970    /home/alopez1/Programas/play-2.2.1/repository/cache/scala_2.10/sbt_0.13/com.typesafe.sbteclipse/sbteclipse-plugin/jars/sbteclipse-plugin-2.4.0.jar
68573000-68576000 r--s 0009f000 08:06 5260149    /home/alopez1/Programas/play-2.2.1/repository/local/net.contentobjects.jnotify/jnotify/0.94/jars/jnotify.jar
68576000-68583000 r--s 0016e000 08:06 5259611    /home/alopez1/Programas/play-2.2.1/repository/local/com.h2database/h2/1.3.172/jars/h2.jar
68583000-68586000 r--s 0002a000 08:06 5260357    /home/alopez1/Programas/play-2.2.1/repository/local/org.avaje.ebeanorm/avaje-ebeanorm-agent/3.2.1/jars/avaje-ebeanorm-agent.jar
68586000-68588000 r--s 0000a000 08:06 5260546    /home/alopez1/Programas/play-2.2.1/repository/local/org.json/json/20090211/jars/json.jar
68588000-685b1000 r--s 001ee000 08:06 5259585    /home/alopez1/Programas/play-2.2.1/repository/local/com.google.guava/guava/14.0.1/bundles/guava.jar
685b1000-685e4000 r--s 00332000 08:06 5259600    /home/alopez1/Programas/play-2.2.1/repository/local/com.google.javascript/closure-compiler/v20130603/jars/closure-compiler.jar
685e4000-685f1000 r--s 00109000 08:06 5260557    /home/alopez1/Programas/play-2.2.1/repository/local/org.mozilla/rhino/1.7R4/jars/rhino.jar
685f1000-685f5000 r--s 0002a000 08:06 5259673    /home/alopez1/Programas/play-2.2.1/repository/local/com.typesafe/config/1.0.2/bundles/config.jar
685f5000-685f8000 r--s 00030000 08:06 5260116    /home/alopez1/Programas/play-2.2.1/repository/local/jline/jline/2.11/jars/jline.jar
685f8000-685fa000 r--s 00001000 08:06 5267766    /home/alopez1/Programas/play-2.2.1/repository/local/org.scala-sbt/launcher-interface/0.13.0/jars/launcher-interface.jar
685fa000-685fc000 r--s 00007000 08:06 5259730    /home/alopez1/Programas/play-2.2.1/repository/local/com.typesafe.play/console_2.10/2.2.1/jars/console_2.10.jar
685fc000-685ff000 ---p 00000000 00:00 0 
685ff000-686fd000 rw-p 00000000 00:00 0 
686fd000-68700000 ---p 00000000 00:00 0 
68700000-687fe000 rw-p 00000000 00:00 0 
687fe000-68801000 ---p 00000000 00:00 0 
68801000-688ff000 rw-p 00000000 00:00 0 
688ff000-68902000 ---p 00000000 00:00 0 
68902000-68a00000 rw-p 00000000 00:00 0 
68a00000-68be5000 rw-p 00000000 00:00 0 
68be5000-68c00000 ---p 00000000 00:00 0 
68c00000-68e00000 rw-p 00000000 00:00 0 
68e00000-68f00000 rw-p 00000000 00:00 0 
68f00000-68f01000 r--s 00001000 08:06 5259709    /home/alopez1/Programas/play-2.2.1/repository/local/com.typesafe.netty/netty-http-pipelining/1.1.2/jars/netty-http-pipelining.jar
68f01000-68f0b000 r--s 0004a000 08:06 5259942    /home/alopez1/Programas/play-2.2.1/repository/local/com.typesafe.play/templates-compiler_2.10/2.2.1/jars/templates-compiler_2.10.jar
68f0b000-68f0e000 r--s 00010000 08:06 5259644    /home/alopez1/Programas/play-2.2.1/repository/local/com.jsuereth/scala-arm_2.10/1.3/jars/scala-arm_2.10.jar
68f0e000-68f23000 r--s 00128000 08:06 5259557    /home/alopez1/Programas/play-2.2.1/repository/local/com.github.scala-incubator.io/scala-io-core_2.10/0.4.2/jars/scala-io-core_2.10.jar
68f23000-68f2b000 r--s 00063000 08:06 5259567    /home/alopez1/Programas/play-2.2.1/repository/local/com.github.scala-incubator.io/scala-io-file_2.10/0.4.2/jars/scala-io-file_2.10.jar
68f2b000-68f39000 r--s 00062000 08:06 5259910    /home/alopez1/Programas/play-2.2.1/repository/local/com.typesafe.play/routes-compiler_2.10/2.2.1/jars/routes-compiler_2.10.jar
68f39000-68f3b000 r--s 00000000 08:06 5259790    /home/alopez1/Programas/play-2.2.1/repository/local/com.typesafe.play/play-exceptions/2.2.1/jars/play-exceptions.jar
68f3b000-68f45000 r--s 000a5000 08:06 5260500    /home/alopez1/Programas/play-2.2.1/repository/local/org.javassist/javassist/3.18.0-GA/bundles/javassist.jar
68f45000-68f47000 r--s 00001000 08:06 5259920    /home/alopez1/Programas/play-2.2.1/repository/local/com.typesafe.play/sbt-link/2.2.1/jars/sbt-link.jar
68f47000-68f55000 r--s 000d7000 08:06 5276968    /home/alopez1/Programas/play-2.2.1/repository/cache/scala_2.10/sbt_0.13/com.typesafe.play/sbt-plugin/jars/sbt-plugin-2.2.1.jar
68f55000-68f59000 r--s 00088000 08:06 3522628    /home/alopez1/Programas/jdk1.7.0_02/jre/lib/jsse.jar
68f59000-68f5c000 ---p 00000000 00:00 0 
68f5c000-68f68000 rw-p 00000000 00:00 0 
68f68000-68f6b000 ---p 00000000 00:00 0 
68f6b000-68f77000 rw-p 00000000 00:00 0 
68f77000-68f7a000 ---p 00000000 00:00 0 
68f7a000-68f86000 rw-p 00000000 00:00 0 
68f86000-68f87000 r-xp 00000000 08:02 318910     /usr/lib/gconv/ISO8859-1.so
68f87000-68f89000 rw-p 00001000 08:02 318910     /usr/lib/gconv/ISO8859-1.so
68f89000-68f90000 r--s 00000000 08:02 319720     /usr/lib/gconv/gconv-modules.cache
68f90000-68fae000 r--p 00000000 08:02 321145     /usr/share/locale/es/LC_MESSAGES/libc.mo
68fae000-68fb1000 r--s 00009000 08:06 5276827    /home/alopez1/Programas/play-2.2.1/framework/sbt/boot/scala-2.10.2/org.scala-sbt/sbt/0.13.0/xsbti/interface-0.13.0.jar
68fb1000-68fb3000 r--s 00013000 08:06 5276842    /home/alopez1/Programas/play-2.2.1/framework/sbt/boot/scala-2.10.2/org.scala-sbt/sbt/0.13.0/classpath-0.13.0.jar
68fb3000-68fb5000 r--s 00002000 08:06 5276868    /home/alopez1/Programas/play-2.2.1/framework/sbt/boot/scala-2.10.2/org.scala-sbt/sbt/0.13.0/test-interface-1.0.jar
68fb5000-68fbc000 r--s 00058000 08:06 5276855    /home/alopez1/Programas/play-2.2.1/framework/sbt/boot/scala-2.10.2/org.scala-sbt/sbt/0.13.0/collections-0.13.0.jar
68fbc000-68fbf000 r--s 00030000 08:06 5276822    /home/alopez1/Programas/play-2.2.1/framework/sbt/boot/scala-2.10.2/org.scala-sbt/sbt/0.13.0/jline-2.11.jar
68fbf000-68fc1000 r--s 00001000 08:06 5276825    /home/alopez1/Programas/play-2.2.1/framework/sbt/boot/scala-2.10.2/org.scala-sbt/sbt/0.13.0/launcher-interface-0.13.0.jar
68fc1000-68fc3000 r--s 00001000 08:06 5276866    /home/alopez1/Programas/play-2.2.1/framework/sbt/boot/scala-2.10.2/org.scala-sbt/sbt/0.13.0/cross-0.13.0.jar
68fc3000-68fc7000 r--s 00022000 08:06 5276849    /home/alopez1/Programas/play-2.2.1/framework/sbt/boot/scala-2.10.2/org.scala-sbt/sbt/0.13.0/sbinary_2.10-0.4.2.jar
68fc7000-68fca000 r--s 00019000 08:06 5276828    /home/alopez1/Programas/play-2.2.1/framework/sbt/boot/scala-2.10.2/org.scala-sbt/sbt/0.13.0/compile-0.13.0.jar
68fca000-68fce000 r--s 00034000 08:06 5276833    /home/alopez1/Programas/play-2.2.1/framework/sbt/boot/scala-2.10.2/org.scala-sbt/sbt/0.13.0/jsch-0.1.46.jar
68fce000-68fd9000 r--s 00099000 08:06 5276838    /home/alopez1/Programas/play-2.2.1/framework/sbt/boot/scala-2.10.2/org.scala-sbt/sbt/0.13.0/ivy-0.13.0.jar
68fd9000-68fda000 r--s 00005000 08:06 5276835    /home/alopez1/Programas/play-2.2.1/framework/sbt/boot/scala-2.10.2/org.scala-sbt/sbt/0.13.0/relation-0.13.0.jar
68fda000-68fdc000 r--s 00004000 08:06 5276867    /home/alopez1/Programas/play-2.2.1/framework/sbt/boot/scala-2.10.2/org.scala-sbt/sbt/0.13.0/test-agent-0.13.0.jar
68fdc000-68fdd000 r--s 0000a000 08:06 5276839    /home/alopez1/Programas/play-2.2.1/framework/sbt/boot/scala-2.10.2/org.scala-sbt/sbt/0.13.0/tracking-0.13.0.jar
68fdd000-68fe5000 r--s 0005e000 08:06 5276841    /home/alopez1/Programas/play-2.2.1/framework/sbt/boot/scala-2.10.2/org.scala-sbt/sbt/0.13.0/actions-0.13.0.jar
68fe5000-68fe8000 r--s 00017000 08:06 5276836    /home/alopez1/Programas/play-2.2.1/framework/sbt/boot/scala-2.10.2/org.scala-sbt/sbt/0.13.0/run-0.13.0.jar
68fe8000-68fee000 r--s 0003d000 08:06 5276834    /home/alopez1/Programas/play-2.2.1/framework/sbt/boot/scala-2.10.2/org.scala-sbt/sbt/0.13.0/io-0.13.0.jar
68fee000-68ff1000 r--s 0001d000 08:06 5276850    /home/alopez1/Programas/play-2.2.1/framework/sbt/boot/scala-2.10.2/org.scala-sbt/sbt/0.13.0/tasks-0.13.0.jar
68ff1000-68ff4000 r--s 0001a000 08:06 5276869    /home/alopez1/Programas/play-2.2.1/framework/sbt/boot/scala-2.10.2/org.scala-sbt/sbt/0.13.0/cache-0.13.0.jar
68ff4000-68ff6000 r--s 00002000 08:06 5276832    /home/alopez1/Programas/play-2.2.1/framework/sbt/boot/scala-2.10.2/org.scala-sbt/sbt/0.13.0/control-0.13.0.jar
68ff6000-69000000 r--s 00084000 08:06 5276859    /home/alopez1/Programas/play-2.2.1/framework/sbt/boot/scala-2.10.2/org.scala-sbt/sbt/0.13.0/main-settings-0.13.0.jar
69000000-690f8000 rw-p 00000000 00:00 0 
690f8000-69100000 ---p 00000000 00:00 0 
69100000-69200000 rw-p 00000000 00:00 0 
69200000-692fe000 rw-p 00000000 00:00 0 
692fe000-69300000 ---p 00000000 00:00 0 
69300000-69301000 r--s 00001000 08:06 5259760    /home/alopez1/Programas/play-2.2.1/repository/local/com.typesafe.play/play-datacommons_2.10/2.2.1/jars/play-datacommons_2.10.jar
69301000-69306000 r--s 0003b000 08:06 5276860    /home/alopez1/Programas/play-2.2.1/framework/sbt/boot/scala-2.10.2/org.scala-sbt/sbt/0.13.0/incremental-compiler-0.13.0.jar
69306000-69308000 r--s 00012000 08:06 5276845    /home/alopez1/Programas/play-2.2.1/framework/sbt/boot/scala-2.10.2/org.scala-sbt/sbt/0.13.0/apply-macro-0.13.0.jar
69308000-6930b000 r--s 00013000 08:06 5276854    /home/alopez1/Programas/play-2.2.1/framework/sbt/boot/scala-2.10.2/org.scala-sbt/sbt/0.13.0/testing-0.13.0.jar
6930b000-6930f000 r--s 0001d000 08:06 5276864    /home/alopez1/Programas/play-2.2.1/framework/sbt/boot/scala-2.10.2/org.scala-sbt/sbt/0.13.0/task-system-0.13.0.jar
6930f000-69312000 r--s 0001b000 08:06 5276831    /home/alopez1/Programas/play-2.2.1/framework/sbt/boot/scala-2.10.2/org.scala-sbt/sbt/0.13.0/process-0.13.0.jar
69312000-69318000 r--s 00042000 08:06 5276837    /home/alopez1/Programas/play-2.2.1/framework/sbt/boot/scala-2.10.2/org.scala-sbt/sbt/0.13.0/api-0.13.0.jar
69318000-6931a000 r--s 00001000 08:06 5276856    /home/alopez1/Programas/play-2.2.1/framework/sbt/boot/scala-2.10.2/org.scala-sbt/sbt/0.13.0/compiler-ivy-integration-0.13.0.jar
6931a000-6932f000 r--s 00114000 08:06 5276848    /home/alopez1/Programas/play-2.2.1/framework/sbt/boot/scala-2.10.2/org.scala-sbt/sbt/0.13.0/ivy-2.3.0-rc1.jar
6932f000-69364000 r--s 002d2000 08:06 5276829    /home/alopez1/Programas/play-2.2.1/framework/sbt/boot/scala-2.10.2/org.scala-sbt/sbt/0.13.0/scala-reflect-2.10.2.jar
69364000-69369000 r--s 0001f000 08:06 5276870    /home/alopez1/Programas/play-2.2.1/framework/sbt/boot/scala-2.10.2/org.scala-sbt/sbt/0.13.0/persist-0.13.0.jar
69369000-69370000 r--s 00053000 08:06 5276851    /home/alopez1/Programas/play-2.2.1/framework/sbt/boot/scala-2.10.2/org.scala-sbt/sbt/0.13.0/completion-0.13.0.jar
69370000-69393000 r--s 001c3000 08:06 5276865    /home/alopez1/Programas/play-2.2.1/framework/sbt/boot/scala-2.10.2/org.scala-sbt/sbt/0.13.0/main-0.13.0.jar
69393000-69397000 r--s 00031000 08:06 5276840    /home/alopez1/Programas/play-2.2.1/framework/sbt/boot/scala-2.10.2/org.scala-sbt/sbt/0.13.0/command-0.13.0.jar
69397000-693cc000 r--s 002d2000 08:06 5275725    /home/alopez1/Programas/play-2.2.1/framework/sbt/boot/scala-2.10.2/lib/scala-reflect.jar
693cc000-693cf000 r--s 00018000 08:06 5275723    /home/alopez1/Programas/play-2.2.1/framework/sbt/boot/scala-2.10.2/lib/jansi.jar
693cf000-69441000 r--s 00659000 08:06 5275727    /home/alopez1/Programas/play-2.2.1/framework/sbt/boot/scala-2.10.2/lib/scala-library.jar
69441000-6953e000 r--s 00cc2000 08:06 5275726    /home/alopez1/Programas/play-2.2.1/framework/sbt/boot/scala-2.10.2/lib/scala-compiler.jar
6953e000-6954c000 r-xp 00000000 08:06 3539007    /home/alopez1/Programas/jdk1.7.0_02/jre/lib/i386/libnio.so
6954c000-6954d000 rw-p 0000e000 08:06 3539007    /home/alopez1/Programas/jdk1.7.0_02/jre/lib/i386/libnio.so
6954d000-69561000 r-xp 00000000 08:06 3539002    /home/alopez1/Programas/jdk1.7.0_02/jre/lib/i386/libnet.so
69561000-69562000 rw-p 00014000 08:06 3539002    /home/alopez1/Programas/jdk1.7.0_02/jre/lib/i386/libnet.so
69562000-6957b000 r--s 000fc000 08:06 5251769    /home/alopez1/Programas/play-2.2.1/framework/sbt/sbt-launch.jar
6957b000-6957c000 ---p 00000000 00:00 0 
6957c000-695fc000 rw-p 00000000 00:00 0 
695fc000-695ff000 ---p 00000000 00:00 0 
695ff000-696fd000 rw-p 00000000 00:00 0 
696fd000-69700000 ---p 00000000 00:00 0 
69700000-6977e000 rw-p 00000000 00:00 0 
6977e000-69781000 ---p 00000000 00:00 0 
69781000-697ff000 rw-p 00000000 00:00 0 
697ff000-69802000 ---p 00000000 00:00 0 
69802000-69900000 rw-p 00000000 00:00 0 
69900000-699fa000 rw-p 00000000 00:00 0 
699fa000-69a00000 ---p 00000000 00:00 0 
69a00000-69a03000 r--s 0000e000 08:06 5276852    /home/alopez1/Programas/play-2.2.1/framework/sbt/boot/scala-2.10.2/org.scala-sbt/sbt/0.13.0/compiler-integration-0.13.0.jar
69a03000-69a06000 ---p 00000000 00:00 0 
69a06000-69b04000 rw-p 00000000 00:00 0 
69b04000-69b07000 ---p 00000000 00:00 0 
69b07000-69c05000 rw-p 00000000 00:00 0 
69c05000-69c08000 ---p 00000000 00:00 0 
69c08000-69d06000 rw-p 00000000 00:00 0 
69d06000-69d09000 ---p 00000000 00:00 0 
69d09000-69e07000 rw-p 00000000 00:00 0 
69e07000-69e08000 ---p 00000000 00:00 0 
69e08000-69ed3000 rw-p 00000000 00:00 0 
69ed3000-6a092000 r--s 039ff000 08:06 3522616    /home/alopez1/Programas/jdk1.7.0_02/jre/lib/rt.jar
6a092000-6a093000 ---p 00000000 00:00 0 
6a093000-6a113000 rw-p 00000000 00:00 0 
6a113000-6a114000 ---p 00000000 00:00 0 
6a114000-6a1af000 rw-p 00000000 00:00 0 
6a1af000-6a294000 rw-p 00000000 00:00 0 
6a294000-6a2ea000 rw-p 00000000 00:00 0 
6a2ea000-6a33f000 rw-p 00000000 00:00 0 
6a33f000-6a35a000 rw-p 00000000 00:00 0 
6a35a000-6a43f000 rw-p 00000000 00:00 0 
6a43f000-6a495000 rw-p 00000000 00:00 0 
6a495000-6a4e9000 rw-p 00000000 00:00 0 
6a4e9000-6a515000 rw-p 00000000 00:00 0 
6a515000-6a53f000 ---p 00000000 00:00 0 
6a53f000-6db00000 rw-p 00000000 00:00 0 
6db00000-8a540000 rw-p 00000000 00:00 0 
8a540000-94ff0000 rw-p 00000000 00:00 0 
94ff0000-9faa0000 rw-p 00000000 00:00 0 
9faa0000-a4ff0000 rw-p 00000000 00:00 0 
a4ff0000-aa540000 ---p 00000000 00:00 0 
aa540000-aa543000 r--s 00018000 08:06 5276863    /home/alopez1/Programas/play-2.2.1/framework/sbt/boot/scala-2.10.2/org.scala-sbt/sbt/0.13.0/logging-0.13.0.jar
aa543000-aa546000 r--s 00012000 08:06 5276853    /home/alopez1/Programas/play-2.2.1/framework/sbt/boot/scala-2.10.2/org.scala-sbt/sbt/0.13.0/classfile-0.13.0.jar
aa546000-aa54d000 r--s 000c7000 08:06 974861     /home/alopez1/Programas/jdk1.7.0_02/jre/lib/ext/mysql-connector-java-5.1.23-bin.jar
aa54d000-aa564000 rw-p 00000000 00:00 0 
aa564000-aa84d000 rw-p 00000000 00:00 0 
aa84d000-aadfd000 rwxp 00000000 00:00 0 
aadfd000-b684d000 rw-p 00000000 00:00 0 
b684d000-b6864000 r-xp 00000000 08:06 3539015    /home/alopez1/Programas/jdk1.7.0_02/jre/lib/i386/libzip.so
b6864000-b6865000 rw-p 00017000 08:06 3539015    /home/alopez1/Programas/jdk1.7.0_02/jre/lib/i386/libzip.so
b6865000-b686a000 r-xp 00000000 08:02 620628     /lib/libnss_winbind.so.2
b686a000-b686b000 rw-p 00005000 08:02 620628     /lib/libnss_winbind.so.2
b686b000-b6870000 rw-p 00000000 00:00 0 
b6870000-b687a000 r-xp 00000000 08:02 628713     /lib/i686/cmov/libnss_files-2.7.so
b687a000-b687c000 rw-p 00009000 08:02 628713     /lib/i686/cmov/libnss_files-2.7.so
b687c000-b6880000 r--s 00025000 08:06 5275724    /home/alopez1/Programas/play-2.2.1/framework/sbt/boot/scala-2.10.2/lib/jline.jar
b6880000-b6888000 rw-s 00000000 08:02 203701     /tmp/hsperfdata_alopez1/21415
b6888000-b69c2000 r--p 00000000 08:02 335720     /usr/lib/locale/locale-archive
b69c2000-b69f9000 r-xp 00000000 08:06 3538999    /home/alopez1/Programas/jdk1.7.0_02/jre/lib/i386/libjdwp.so
b69f9000-b69fa000 rw-p 00037000 08:06 3538999    /home/alopez1/Programas/jdk1.7.0_02/jre/lib/i386/libjdwp.so
b69fa000-b6a1d000 r-xp 00000000 08:06 3538991    /home/alopez1/Programas/jdk1.7.0_02/jre/lib/i386/libjava.so
b6a1d000-b6a1e000 rw-p 00023000 08:06 3538991    /home/alopez1/Programas/jdk1.7.0_02/jre/lib/i386/libjava.so
b6a1e000-b6a2a000 r-xp 00000000 08:06 3538974    /home/alopez1/Programas/jdk1.7.0_02/jre/lib/i386/libverify.so
b6a2a000-b6a2b000 rw-p 0000c000 08:06 3538974    /home/alopez1/Programas/jdk1.7.0_02/jre/lib/i386/libverify.so
b6a2b000-b6a2e000 ---p 00000000 00:00 0 
b6a2e000-b6b2c000 rw-p 00000000 00:00 0 
b6b2c000-b729a000 r-xp 00000000 08:06 3547145    /home/alopez1/Programas/jdk1.7.0_02/jre/lib/i386/server/libjvm.so
b729a000-b72e9000 rw-p 0076d000 08:06 3547145    /home/alopez1/Programas/jdk1.7.0_02/jre/lib/i386/server/libjvm.so
b72e9000-b770a000 rw-p 00000000 00:00 0 
b770a000-b771d000 r-xp 00000000 08:06 3547141    /home/alopez1/Programas/jdk1.7.0_02/jre/lib/i386/jli/libjli.so
b771d000-b771e000 rw-p 00012000 08:06 3547141    /home/alopez1/Programas/jdk1.7.0_02/jre/lib/i386/jli/libjli.so
b771e000-b771f000 r--s 00000000 08:06 5259840    /home/alopez1/Programas/play-2.2.1/repository/local/com.typesafe.play/play-java-jdbc_2.10/2.2.1/jars/play-java-jdbc_2.10.jar
b771f000-b7720000 r--s 00005000 08:06 5276830    /home/alopez1/Programas/play-2.2.1/framework/sbt/boot/scala-2.10.2/org.scala-sbt/sbt/0.13.0/sbt-0.13.0.jar
b7720000-b7721000 rw-p 00000000 00:00 0 
b7721000-b7724000 r-xp 00000000 08:06 3539004    /home/alopez1/Programas/jdk1.7.0_02/jre/lib/i386/libdt_socket.so
b7724000-b7725000 rw-p 00002000 08:06 3539004    /home/alopez1/Programas/jdk1.7.0_02/jre/lib/i386/libdt_socket.so
b7725000-b7727000 r-xp 00000000 08:06 3539013    /home/alopez1/Programas/jdk1.7.0_02/jre/lib/i386/libnpt.so
b7727000-b7728000 rw-p 00002000 08:06 3539013    /home/alopez1/Programas/jdk1.7.0_02/jre/lib/i386/libnpt.so
b7728000-b7729000 rw-p 00000000 00:00 0 
b7729000-b772a000 r--p 00000000 00:00 0 
b772a000-b772c000 rw-p 00000000 00:00 0 
b772c000-b772d000 r-xp 00000000 00:00 0          [vdso]
bfdbc000-bfddd000 rw-p 00000000 00:00 0          [stack]

VM Arguments:
jvm_args: -Xrunjdwp:transport=dt_socket,server=y,suspend=n,address=9999 -Xms256M -Xmx512M -Xss1M -XX:ReservedCodeCacheSize=192m -XX:+CMSClassUnloadingEnabled -XX:MaxPermSize=512M -Dfile.encoding=UTF-8 -Dplay.version=2.2.1 -Dplay.home=/home/alopez1/Programas/play-2.2.1/framework -Dsbt.boot.properties=/home/alopez1/Programas/play-2.2.1/framework/sbt/sbt.boot.properties 
java_command: /home/alopez1/Programas/play-2.2.1/framework/sbt/sbt-launch.jar play
Launcher Type: SUN_STANDARD

Environment Variables:
PATH=/home/alopez1/Programas/jdk1.7.0_02/bin:/home/alopez1/Programas/play-2.2.1:/home/alopez1/Programas/play:/usr/local/bin:/usr/bin:/bin:/usr/games:/usr/local/sbin:/usr/sbin
USERNAME=alopez1
SHELL=/bin/bash
DISPLAY=:0.0

Signal Handlers:
SIGSEGV: [libjvm.so+0x6e2860], sa_mask[0]=0x7ffbfeff, sa_flags=0x10000004
SIGBUS: [libjvm.so+0x6e2860], sa_mask[0]=0x7ffbfeff, sa_flags=0x10000004
SIGFPE: [libjvm.so+0x5a3810], sa_mask[0]=0x7ffbfeff, sa_flags=0x10000004
SIGPIPE: SIG_IGN, sa_mask[0]=0x00001000, sa_flags=0x10000000
SIGXFSZ: [libjvm.so+0x5a3810], sa_mask[0]=0x7ffbfeff, sa_flags=0x10000004
SIGILL: [libjvm.so+0x5a3810], sa_mask[0]=0x7ffbfeff, sa_flags=0x10000004
SIGUSR1: SIG_DFL, sa_mask[0]=0x00000000, sa_flags=0x00000000
SIGUSR2: [libjvm.so+0x5a3110], sa_mask[0]=0x00000000, sa_flags=0x10000004
SIGHUP: [libjvm.so+0x5a56e0], sa_mask[0]=0x7ffbfeff, sa_flags=0x10000004
SIGINT: [libjvm.so+0x5a56e0], sa_mask[0]=0x7ffbfeff, sa_flags=0x10000004
SIGTERM: [libjvm.so+0x5a56e0], sa_mask[0]=0x7ffbfeff, sa_flags=0x10000004
SIGQUIT: [libjvm.so+0x5a56e0], sa_mask[0]=0x7ffbfeff, sa_flags=0x10000004


---------------  S Y S T E M  ---------------

OS:5.0.2

uname:Linux 3.0.0-1-686-pae #1 SMP Mon Sep 26 21:59:12 VET 2011 i686
libc:glibc 2.7 NPTL 2.7 
rlimit: STACK 8192k, CORE 0k, NPROC 15646, NOFILE 4096, AS infinity
load average:0,43 0,43 0,43

/proc/meminfo:
MemTotal:        2017828 kB
MemFree:          262964 kB
Buffers:            5884 kB
Cached:           187900 kB
SwapCached:        54056 kB
Active:          1066228 kB
Inactive:         625624 kB
Active(anon):    1012088 kB
Inactive(anon):   562700 kB
Active(file):      54140 kB
Inactive(file):    62924 kB
Unevictable:          36 kB
Mlocked:              36 kB
HighTotal:       1128880 kB
HighFree:          51276 kB
LowTotal:         888948 kB
LowFree:          211688 kB
SwapTotal:       1951860 kB
SwapFree:        1468728 kB
Dirty:               548 kB
Writeback:             0 kB
AnonPages:       1477620 kB
Mapped:            70812 kB
Shmem:             76552 kB
Slab:              31248 kB
SReclaimable:      13724 kB
SUnreclaim:        17524 kB
KernelStack:        4208 kB
PageTables:        13944 kB
NFS_Unstable:          0 kB
Bounce:                0 kB
WritebackTmp:          0 kB
CommitLimit:     2960772 kB
Committed_AS:    3535016 kB
VmallocTotal:     122880 kB
VmallocUsed:       18684 kB
VmallocChunk:      98076 kB
HardwareCorrupted:     0 kB
AnonHugePages:         0 kB
HugePages_Total:       0
HugePages_Free:        0
HugePages_Rsvd:        0
HugePages_Surp:        0
Hugepagesize:       2048 kB
DirectMap4k:       10232 kB
DirectMap2M:      901120 kB


CPU:total 2 (2 cores per cpu, 1 threads per core) family 6 model 23 stepping 6, cmov, cx8, fxsr, mmx, sse, sse2, sse3, ssse3, sse4.1

/proc/cpuinfo:
processor	: 0
vendor_id	: GenuineIntel
cpu family	: 6
model		: 23
model name	: Intel(R) Core(TM)2 Duo CPU     P8600  @ 2.40GHz
stepping	: 6
cpu MHz		: 800.000
cache size	: 3072 KB
physical id	: 0
siblings	: 2
core id		: 0
cpu cores	: 2
apicid		: 0
initial apicid	: 0
fdiv_bug	: no
hlt_bug		: no
f00f_bug	: no
coma_bug	: no
fpu		: yes
fpu_exception	: yes
cpuid level	: 10
wp		: yes
flags		: fpu vme de pse tsc msr pae mce cx8 apic sep mtrr pge mca cmov pat pse36 clflush dts acpi mmx fxsr sse sse2 ss ht tm pbe nx lm constant_tsc arch_perfmon pebs bts aperfmperf pni dtes64 monitor ds_cpl vmx smx est tm2 ssse3 cx16 xtpr pdcm sse4_1 lahf_lm dts tpr_shadow vnmi flexpriority
bogomips	: 4787.14
clflush size	: 64
cache_alignment	: 64
address sizes	: 36 bits physical, 48 bits virtual
power management:

processor	: 1
vendor_id	: GenuineIntel
cpu family	: 6
model		: 23
model name	: Intel(R) Core(TM)2 Duo CPU     P8600  @ 2.40GHz
stepping	: 6
cpu MHz		: 2401.000
cache size	: 3072 KB
physical id	: 0
siblings	: 2
core id		: 1
cpu cores	: 2
apicid		: 1
initial apicid	: 1
fdiv_bug	: no
hlt_bug		: no
f00f_bug	: no
coma_bug	: no
fpu		: yes
fpu_exception	: yes
cpuid level	: 10
wp		: yes
flags		: fpu vme de pse tsc msr pae mce cx8 apic sep mtrr pge mca cmov pat pse36 clflush dts acpi mmx fxsr sse sse2 ss ht tm pbe nx lm constant_tsc arch_perfmon pebs bts aperfmperf pni dtes64 monitor ds_cpl vmx smx est tm2 ssse3 cx16 xtpr pdcm sse4_1 lahf_lm dts tpr_shadow vnmi flexpriority
bogomips	: 4787.97
clflush size	: 64
cache_alignment	: 64
address sizes	: 36 bits physical, 48 bits virtual
power management:



Memory: 4k page, physical 2017828k(262964k free), swap 1951860k(1468728k free)

vm_info: Java HotSpot(TM) Server VM (22.0-b10) for linux-x86 JRE (1.7.0_02-b13), built on Nov 17 2011 13:24:17 by "java_re" with gcc 4.3.0 20080428 (Red Hat 4.3.0-8)

